{"C:\\Users\\saeidtf\\Desktop\\shop-api-typescript\\src\\app.ts": {"path":"C:\\Users\\saeidtf\\Desktop\\shop-api-typescript\\src\\app.ts","statementMap":{"0":{"start":{"line":1,"column":0},"end":{"line":1,"column":24}},"1":{"start":{"line":2,"column":0},"end":{"line":2,"column":28}},"2":{"start":{"line":3,"column":0},"end":{"line":3,"column":80}},"3":{"start":{"line":4,"column":0},"end":{"line":4,"column":44}},"4":{"start":{"line":5,"column":0},"end":{"line":5,"column":28}},"5":{"start":{"line":6,"column":0},"end":{"line":6,"column":24}},"6":{"start":{"line":7,"column":0},"end":{"line":7,"column":32}},"7":{"start":{"line":9,"column":0},"end":{"line":9,"column":16}},"8":{"start":{"line":11,"column":25},"end":{"line":11,"column":34}},"9":{"start":{"line":12,"column":0},"end":{"line":12,"column":28}},"10":{"start":{"line":13,"column":0},"end":{"line":13,"column":24}},"11":{"start":{"line":14,"column":0},"end":{"line":14,"column":48}},"12":{"start":{"line":15,"column":0},"end":{"line":15,"column":16}},"13":{"start":{"line":16,"column":0},"end":{"line":16,"column":18}},"14":{"start":{"line":17,"column":0},"end":{"line":21,"column":2}},"15":{"start":{"line":23,"column":0},"end":{"line":23,"column":56}},"16":{"start":{"line":25,"column":0},"end":{"line":25,"column":13}},"17":{"start":{"line":27,"column":0},"end":{"line":29,"column":3}},"18":{"start":{"line":28,"column":2},"end":{"line":28,"column":36}},"19":{"start":{"line":31,"column":0},"end":{"line":34,"column":3}},"20":{"start":{"line":32,"column":2},"end":{"line":32,"column":27}},"21":{"start":{"line":33,"column":2},"end":{"line":33,"column":48}},"22":{"start":{"line":36,"column":0},"end":{"line":36,"column":19}}},"fnMap":{"0":{"name":"(anonymous_1)","decl":{"start":{"line":27,"column":8},"end":{"line":27,"column":9}},"loc":{"start":{"line":27,"column":60},"end":{"line":29,"column":1}}},"1":{"name":"(anonymous_2)","decl":{"start":{"line":31,"column":8},"end":{"line":31,"column":9}},"loc":{"start":{"line":31,"column":72},"end":{"line":34,"column":1}}}},"branchMap":{},"s":{"0":2,"1":2,"2":2,"3":2,"4":2,"5":2,"6":2,"7":2,"8":2,"9":2,"10":2,"11":2,"12":2,"13":2,"14":2,"15":2,"16":2,"17":2,"18":0,"19":2,"20":0,"21":0,"22":2},"f":{"0":0,"1":0},"b":{}}
,"C:\\Users\\saeidtf\\Desktop\\shop-api-typescript\\src\\controllers\\attribute.controller.ts": {"path":"C:\\Users\\saeidtf\\Desktop\\shop-api-typescript\\src\\controllers\\attribute.controller.ts","statementMap":{"0":{"start":{"line":2,"column":0},"end":{"line":2,"column":31}},"1":{"start":{"line":3,"column":0},"end":{"line":3,"column":74}},"2":{"start":{"line":4,"column":0},"end":{"line":4,"column":null}},"3":{"start":{"line":9,"column":28},"end":{"line":21,"column":2}},"4":{"start":{"line":9,"column":66},"end":{"line":21,"column":2}},"5":{"start":{"line":10,"column":21},"end":{"line":18,"column":4}},"6":{"start":{"line":20,"column":2},"end":{"line":20,"column":42}},"7":{"start":{"line":9,"column":13},"end":{"line":9,"column":28}},"8":{"start":{"line":23,"column":28},"end":{"line":39,"column":2}},"9":{"start":{"line":23,"column":66},"end":{"line":39,"column":2}},"10":{"start":{"line":24,"column":17},"end":{"line":24,"column":27}},"11":{"start":{"line":25,"column":20},"end":{"line":36,"column":4}},"12":{"start":{"line":38,"column":2},"end":{"line":38,"column":41}},"13":{"start":{"line":23,"column":13},"end":{"line":23,"column":28}},"14":{"start":{"line":41,"column":31},"end":{"line":49,"column":2}},"15":{"start":{"line":41,"column":69},"end":{"line":49,"column":2}},"16":{"start":{"line":42,"column":33},"end":{"line":42,"column":41}},"17":{"start":{"line":43,"column":20},"end":{"line":46,"column":4}},"18":{"start":{"line":48,"column":2},"end":{"line":48,"column":41}},"19":{"start":{"line":41,"column":13},"end":{"line":41,"column":31}},"20":{"start":{"line":51,"column":31},"end":{"line":76,"column":2}},"21":{"start":{"line":51,"column":69},"end":{"line":76,"column":2}},"22":{"start":{"line":52,"column":17},"end":{"line":52,"column":27}},"23":{"start":{"line":53,"column":33},"end":{"line":53,"column":41}},"24":{"start":{"line":54,"column":20},"end":{"line":54,"column":61}},"25":{"start":{"line":55,"column":2},"end":{"line":57,"column":null}},"26":{"start":{"line":56,"column":4},"end":{"line":56,"column":54}},"27":{"start":{"line":59,"column":25},"end":{"line":66,"column":4}},"28":{"start":{"line":67,"column":2},"end":{"line":69,"column":null}},"29":{"start":{"line":68,"column":4},"end":{"line":68,"column":63}},"30":{"start":{"line":71,"column":2},"end":{"line":71,"column":24}},"31":{"start":{"line":72,"column":2},"end":{"line":72,"column":40}},"32":{"start":{"line":73,"column":2},"end":{"line":73,"column":25}},"33":{"start":{"line":75,"column":2},"end":{"line":75,"column":41}},"34":{"start":{"line":51,"column":13},"end":{"line":51,"column":31}},"35":{"start":{"line":78,"column":31},"end":{"line":97,"column":2}},"36":{"start":{"line":78,"column":69},"end":{"line":97,"column":2}},"37":{"start":{"line":79,"column":17},"end":{"line":79,"column":27}},"38":{"start":{"line":80,"column":20},"end":{"line":80,"column":61}},"39":{"start":{"line":81,"column":2},"end":{"line":83,"column":null}},"40":{"start":{"line":82,"column":4},"end":{"line":82,"column":54}},"41":{"start":{"line":85,"column":27},"end":{"line":89,"column":4}},"42":{"start":{"line":90,"column":2},"end":{"line":92,"column":null}},"43":{"start":{"line":91,"column":4},"end":{"line":91,"column":56}},"44":{"start":{"line":94,"column":2},"end":{"line":94,"column":28}},"45":{"start":{"line":96,"column":2},"end":{"line":96,"column":41}},"46":{"start":{"line":78,"column":13},"end":{"line":78,"column":31}},"47":{"start":{"line":99,"column":37},"end":{"line":114,"column":2}},"48":{"start":{"line":99,"column":75},"end":{"line":114,"column":2}},"49":{"start":{"line":100,"column":17},"end":{"line":100,"column":27}},"50":{"start":{"line":101,"column":33},"end":{"line":101,"column":41}},"51":{"start":{"line":102,"column":20},"end":{"line":102,"column":61}},"52":{"start":{"line":103,"column":2},"end":{"line":105,"column":null}},"53":{"start":{"line":104,"column":4},"end":{"line":104,"column":54}},"54":{"start":{"line":107,"column":17},"end":{"line":111,"column":4}},"55":{"start":{"line":113,"column":2},"end":{"line":113,"column":38}},"56":{"start":{"line":99,"column":13},"end":{"line":99,"column":37}},"57":{"start":{"line":116,"column":37},"end":{"line":134,"column":2}},"58":{"start":{"line":116,"column":75},"end":{"line":134,"column":2}},"59":{"start":{"line":117,"column":27},"end":{"line":117,"column":37}},"60":{"start":{"line":118,"column":33},"end":{"line":118,"column":41}},"61":{"start":{"line":119,"column":20},"end":{"line":119,"column":61}},"62":{"start":{"line":120,"column":2},"end":{"line":122,"column":null}},"63":{"start":{"line":121,"column":4},"end":{"line":121,"column":54}},"64":{"start":{"line":124,"column":17},"end":{"line":124,"column":70}},"65":{"start":{"line":125,"column":2},"end":{"line":127,"column":null}},"66":{"start":{"line":126,"column":4},"end":{"line":126,"column":51}},"67":{"start":{"line":129,"column":2},"end":{"line":129,"column":21}},"68":{"start":{"line":130,"column":2},"end":{"line":130,"column":37}},"69":{"start":{"line":131,"column":2},"end":{"line":131,"column":22}},"70":{"start":{"line":133,"column":2},"end":{"line":133,"column":38}},"71":{"start":{"line":116,"column":13},"end":{"line":116,"column":37}},"72":{"start":{"line":136,"column":37},"end":{"line":151,"column":2}},"73":{"start":{"line":136,"column":75},"end":{"line":151,"column":2}},"74":{"start":{"line":137,"column":27},"end":{"line":137,"column":37}},"75":{"start":{"line":138,"column":20},"end":{"line":138,"column":61}},"76":{"start":{"line":139,"column":2},"end":{"line":141,"column":null}},"77":{"start":{"line":140,"column":4},"end":{"line":140,"column":54}},"78":{"start":{"line":143,"column":17},"end":{"line":143,"column":70}},"79":{"start":{"line":144,"column":2},"end":{"line":146,"column":null}},"80":{"start":{"line":145,"column":4},"end":{"line":145,"column":51}},"81":{"start":{"line":148,"column":2},"end":{"line":148,"column":25}},"82":{"start":{"line":150,"column":2},"end":{"line":150,"column":38}},"83":{"start":{"line":136,"column":13},"end":{"line":136,"column":37}}},"fnMap":{"0":{"name":"(anonymous_7)","decl":{"start":{"line":9,"column":28},"end":{"line":9,"column":35}},"loc":{"start":{"line":9,"column":66},"end":{"line":21,"column":2}}},"1":{"name":"(anonymous_8)","decl":{"start":{"line":9,"column":66},"end":{"line":9,"column":null}},"loc":{"start":{"line":9,"column":66},"end":{"line":21,"column":1}}},"2":{"name":"(anonymous_9)","decl":{"start":{"line":23,"column":28},"end":{"line":23,"column":35}},"loc":{"start":{"line":23,"column":66},"end":{"line":39,"column":2}}},"3":{"name":"(anonymous_10)","decl":{"start":{"line":23,"column":66},"end":{"line":23,"column":null}},"loc":{"start":{"line":23,"column":66},"end":{"line":39,"column":1}}},"4":{"name":"(anonymous_11)","decl":{"start":{"line":41,"column":31},"end":{"line":41,"column":38}},"loc":{"start":{"line":41,"column":69},"end":{"line":49,"column":2}}},"5":{"name":"(anonymous_12)","decl":{"start":{"line":41,"column":69},"end":{"line":41,"column":null}},"loc":{"start":{"line":41,"column":69},"end":{"line":49,"column":1}}},"6":{"name":"(anonymous_13)","decl":{"start":{"line":51,"column":31},"end":{"line":51,"column":38}},"loc":{"start":{"line":51,"column":69},"end":{"line":76,"column":2}}},"7":{"name":"(anonymous_14)","decl":{"start":{"line":51,"column":69},"end":{"line":51,"column":null}},"loc":{"start":{"line":51,"column":69},"end":{"line":76,"column":1}}},"8":{"name":"(anonymous_15)","decl":{"start":{"line":78,"column":31},"end":{"line":78,"column":38}},"loc":{"start":{"line":78,"column":69},"end":{"line":97,"column":2}}},"9":{"name":"(anonymous_16)","decl":{"start":{"line":78,"column":69},"end":{"line":78,"column":null}},"loc":{"start":{"line":78,"column":69},"end":{"line":97,"column":1}}},"10":{"name":"(anonymous_17)","decl":{"start":{"line":99,"column":37},"end":{"line":99,"column":44}},"loc":{"start":{"line":99,"column":75},"end":{"line":114,"column":2}}},"11":{"name":"(anonymous_18)","decl":{"start":{"line":99,"column":75},"end":{"line":99,"column":null}},"loc":{"start":{"line":99,"column":75},"end":{"line":114,"column":1}}},"12":{"name":"(anonymous_19)","decl":{"start":{"line":116,"column":37},"end":{"line":116,"column":44}},"loc":{"start":{"line":116,"column":75},"end":{"line":134,"column":2}}},"13":{"name":"(anonymous_20)","decl":{"start":{"line":116,"column":75},"end":{"line":116,"column":null}},"loc":{"start":{"line":116,"column":75},"end":{"line":134,"column":1}}},"14":{"name":"(anonymous_21)","decl":{"start":{"line":136,"column":37},"end":{"line":136,"column":44}},"loc":{"start":{"line":136,"column":75},"end":{"line":151,"column":2}}},"15":{"name":"(anonymous_22)","decl":{"start":{"line":136,"column":75},"end":{"line":136,"column":null}},"loc":{"start":{"line":136,"column":75},"end":{"line":151,"column":1}}}},"branchMap":{"0":{"loc":{"start":{"line":55,"column":2},"end":{"line":57,"column":null}},"type":"if","locations":[{"start":{"line":55,"column":2},"end":{"line":57,"column":null}}]},"1":{"loc":{"start":{"line":67,"column":2},"end":{"line":69,"column":null}},"type":"if","locations":[{"start":{"line":67,"column":2},"end":{"line":69,"column":null}}]},"2":{"loc":{"start":{"line":81,"column":2},"end":{"line":83,"column":null}},"type":"if","locations":[{"start":{"line":81,"column":2},"end":{"line":83,"column":null}}]},"3":{"loc":{"start":{"line":90,"column":2},"end":{"line":92,"column":null}},"type":"if","locations":[{"start":{"line":90,"column":2},"end":{"line":92,"column":null}}]},"4":{"loc":{"start":{"line":103,"column":2},"end":{"line":105,"column":null}},"type":"if","locations":[{"start":{"line":103,"column":2},"end":{"line":105,"column":null}}]},"5":{"loc":{"start":{"line":120,"column":2},"end":{"line":122,"column":null}},"type":"if","locations":[{"start":{"line":120,"column":2},"end":{"line":122,"column":null}}]},"6":{"loc":{"start":{"line":125,"column":2},"end":{"line":127,"column":null}},"type":"if","locations":[{"start":{"line":125,"column":2},"end":{"line":127,"column":null}}]},"7":{"loc":{"start":{"line":139,"column":2},"end":{"line":141,"column":null}},"type":"if","locations":[{"start":{"line":139,"column":2},"end":{"line":141,"column":null}}]},"8":{"loc":{"start":{"line":144,"column":2},"end":{"line":146,"column":null}},"type":"if","locations":[{"start":{"line":144,"column":2},"end":{"line":146,"column":null}}]}},"s":{"0":2,"1":2,"2":2,"3":2,"4":0,"5":0,"6":0,"7":2,"8":2,"9":0,"10":0,"11":0,"12":0,"13":2,"14":2,"15":0,"16":0,"17":0,"18":0,"19":2,"20":2,"21":0,"22":0,"23":0,"24":0,"25":0,"26":0,"27":0,"28":0,"29":0,"30":0,"31":0,"32":0,"33":0,"34":2,"35":2,"36":0,"37":0,"38":0,"39":0,"40":0,"41":0,"42":0,"43":0,"44":0,"45":0,"46":2,"47":2,"48":0,"49":0,"50":0,"51":0,"52":0,"53":0,"54":0,"55":0,"56":2,"57":2,"58":0,"59":0,"60":0,"61":0,"62":0,"63":0,"64":0,"65":0,"66":0,"67":0,"68":0,"69":0,"70":0,"71":2,"72":2,"73":0,"74":0,"75":0,"76":0,"77":0,"78":0,"79":0,"80":0,"81":0,"82":0,"83":2},"f":{"0":0,"1":0,"2":0,"3":0,"4":0,"5":0,"6":0,"7":0,"8":0,"9":0,"10":0,"11":0,"12":0,"13":0,"14":0,"15":0},"b":{"0":[0],"1":[0],"2":[0],"3":[0],"4":[0],"5":[0],"6":[0],"7":[0],"8":[0]}}
,"C:\\Users\\saeidtf\\Desktop\\shop-api-typescript\\src\\controllers\\category.controller.ts": {"path":"C:\\Users\\saeidtf\\Desktop\\shop-api-typescript\\src\\controllers\\category.controller.ts","statementMap":{"0":{"start":{"line":2,"column":0},"end":{"line":2,"column":31}},"1":{"start":{"line":3,"column":0},"end":{"line":3,"column":74}},"2":{"start":{"line":4,"column":0},"end":{"line":4,"column":37}},"3":{"start":{"line":6,"column":29},"end":{"line":18,"column":2}},"4":{"start":{"line":6,"column":67},"end":{"line":18,"column":2}},"5":{"start":{"line":7,"column":21},"end":{"line":15,"column":4}},"6":{"start":{"line":17,"column":2},"end":{"line":17,"column":42}},"7":{"start":{"line":6,"column":13},"end":{"line":6,"column":29}},"8":{"start":{"line":20,"column":27},"end":{"line":33,"column":2}},"9":{"start":{"line":20,"column":65},"end":{"line":33,"column":2}},"10":{"start":{"line":21,"column":17},"end":{"line":21,"column":27}},"11":{"start":{"line":22,"column":19},"end":{"line":30,"column":4}},"12":{"start":{"line":32,"column":2},"end":{"line":32,"column":40}},"13":{"start":{"line":20,"column":13},"end":{"line":20,"column":27}},"14":{"start":{"line":35,"column":30},"end":{"line":90,"column":2}},"15":{"start":{"line":35,"column":68},"end":{"line":90,"column":2}},"16":{"start":{"line":49,"column":6},"end":{"line":49,"column":14}},"17":{"start":{"line":51,"column":16},"end":{"line":51,"column":25}},"18":{"start":{"line":52,"column":2},"end":{"line":72,"column":null}},"19":{"start":{"line":53,"column":22},"end":{"line":53,"column":41}},"20":{"start":{"line":54,"column":21},"end":{"line":54,"column":39}},"21":{"start":{"line":55,"column":4},"end":{"line":55,"column":27}},"22":{"start":{"line":56,"column":4},"end":{"line":56,"column":25}},"23":{"start":{"line":58,"column":4},"end":{"line":62,"column":7}},"24":{"start":{"line":59,"column":6},"end":{"line":61,"column":null}},"25":{"start":{"line":60,"column":8},"end":{"line":60,"column":25}},"26":{"start":{"line":64,"column":4},"end":{"line":71,"column":6}},"27":{"start":{"line":67,"column":8},"end":{"line":69,"column":null}},"28":{"start":{"line":68,"column":10},"end":{"line":68,"column":27}},"29":{"start":{"line":74,"column":19},"end":{"line":87,"column":4}},"30":{"start":{"line":89,"column":2},"end":{"line":89,"column":40}},"31":{"start":{"line":35,"column":13},"end":{"line":35,"column":30}},"32":{"start":{"line":92,"column":30},"end":{"line":163,"column":2}},"33":{"start":{"line":92,"column":68},"end":{"line":163,"column":2}},"34":{"start":{"line":93,"column":17},"end":{"line":93,"column":27}},"35":{"start":{"line":107,"column":6},"end":{"line":107,"column":14}},"36":{"start":{"line":108,"column":19},"end":{"line":108,"column":46}},"37":{"start":{"line":109,"column":2},"end":{"line":111,"column":null}},"38":{"start":{"line":110,"column":4},"end":{"line":110,"column":53}},"39":{"start":{"line":113,"column":24},"end":{"line":120,"column":4}},"40":{"start":{"line":121,"column":2},"end":{"line":123,"column":null}},"41":{"start":{"line":122,"column":4},"end":{"line":122,"column":57}},"42":{"start":{"line":125,"column":16},"end":{"line":125,"column":25}},"43":{"start":{"line":126,"column":2},"end":{"line":146,"column":null}},"44":{"start":{"line":127,"column":22},"end":{"line":127,"column":41}},"45":{"start":{"line":128,"column":21},"end":{"line":128,"column":39}},"46":{"start":{"line":129,"column":4},"end":{"line":129,"column":27}},"47":{"start":{"line":130,"column":4},"end":{"line":130,"column":25}},"48":{"start":{"line":132,"column":4},"end":{"line":136,"column":7}},"49":{"start":{"line":133,"column":6},"end":{"line":135,"column":null}},"50":{"start":{"line":134,"column":8},"end":{"line":134,"column":25}},"51":{"start":{"line":138,"column":4},"end":{"line":145,"column":6}},"52":{"start":{"line":141,"column":8},"end":{"line":143,"column":null}},"53":{"start":{"line":142,"column":10},"end":{"line":142,"column":27}},"54":{"start":{"line":148,"column":2},"end":{"line":148,"column":23}},"55":{"start":{"line":149,"column":2},"end":{"line":149,"column":37}},"56":{"start":{"line":150,"column":2},"end":{"line":150,"column":39}},"57":{"start":{"line":151,"column":2},"end":{"line":151,"column":45}},"58":{"start":{"line":152,"column":2},"end":{"line":152,"column":33}},"59":{"start":{"line":153,"column":2},"end":{"line":153,"column":25}},"60":{"start":{"line":154,"column":2},"end":{"line":154,"column":23}},"61":{"start":{"line":155,"column":2},"end":{"line":155,"column":43}},"62":{"start":{"line":156,"column":2},"end":{"line":156,"column":39}},"63":{"start":{"line":157,"column":2},"end":{"line":157,"column":33}},"64":{"start":{"line":158,"column":2},"end":{"line":158,"column":23}},"65":{"start":{"line":159,"column":2},"end":{"line":159,"column":31}},"66":{"start":{"line":160,"column":2},"end":{"line":160,"column":24}},"67":{"start":{"line":162,"column":2},"end":{"line":162,"column":40}},"68":{"start":{"line":92,"column":13},"end":{"line":92,"column":30}},"69":{"start":{"line":165,"column":30},"end":{"line":176,"column":2}},"70":{"start":{"line":165,"column":68},"end":{"line":176,"column":2}},"71":{"start":{"line":166,"column":17},"end":{"line":166,"column":27}},"72":{"start":{"line":167,"column":19},"end":{"line":167,"column":46}},"73":{"start":{"line":168,"column":2},"end":{"line":170,"column":null}},"74":{"start":{"line":169,"column":4},"end":{"line":169,"column":53}},"75":{"start":{"line":172,"column":2},"end":{"line":172,"column":26}},"76":{"start":{"line":173,"column":2},"end":{"line":173,"column":24}},"77":{"start":{"line":175,"column":2},"end":{"line":175,"column":40}},"78":{"start":{"line":165,"column":13},"end":{"line":165,"column":30}},"79":{"start":{"line":178,"column":39},"end":{"line":206,"column":2}},"80":{"start":{"line":178,"column":77},"end":{"line":206,"column":2}},"81":{"start":{"line":179,"column":17},"end":{"line":179,"column":27}},"82":{"start":{"line":180,"column":21},"end":{"line":203,"column":4}},"83":{"start":{"line":205,"column":2},"end":{"line":205,"column":42}},"84":{"start":{"line":178,"column":13},"end":{"line":178,"column":39}},"85":{"start":{"line":208,"column":37},"end":{"line":219,"column":2}},"86":{"start":{"line":208,"column":75},"end":{"line":219,"column":2}},"87":{"start":{"line":209,"column":17},"end":{"line":209,"column":27}},"88":{"start":{"line":210,"column":25},"end":{"line":210,"column":33}},"89":{"start":{"line":211,"column":19},"end":{"line":211,"column":46}},"90":{"start":{"line":212,"column":2},"end":{"line":214,"column":null}},"91":{"start":{"line":213,"column":4},"end":{"line":213,"column":53}},"92":{"start":{"line":216,"column":2},"end":{"line":216,"column":47}},"93":{"start":{"line":218,"column":2},"end":{"line":218,"column":40}},"94":{"start":{"line":208,"column":13},"end":{"line":208,"column":37}},"95":{"start":{"line":221,"column":42},"end":{"line":235,"column":2}},"96":{"start":{"line":224,"column":4},"end":{"line":235,"column":2}},"97":{"start":{"line":225,"column":17},"end":{"line":225,"column":27}},"98":{"start":{"line":226,"column":25},"end":{"line":226,"column":33}},"99":{"start":{"line":227,"column":19},"end":{"line":227,"column":46}},"100":{"start":{"line":228,"column":2},"end":{"line":230,"column":null}},"101":{"start":{"line":229,"column":4},"end":{"line":229,"column":53}},"102":{"start":{"line":232,"column":2},"end":{"line":232,"column":50}},"103":{"start":{"line":234,"column":2},"end":{"line":234,"column":40}},"104":{"start":{"line":221,"column":13},"end":{"line":221,"column":42}},"105":{"start":{"line":237,"column":38},"end":{"line":265,"column":2}},"106":{"start":{"line":237,"column":76},"end":{"line":265,"column":2}},"107":{"start":{"line":238,"column":17},"end":{"line":238,"column":27}},"108":{"start":{"line":239,"column":21},"end":{"line":262,"column":4}},"109":{"start":{"line":264,"column":2},"end":{"line":264,"column":42}},"110":{"start":{"line":237,"column":13},"end":{"line":237,"column":38}},"111":{"start":{"line":267,"column":36},"end":{"line":278,"column":2}},"112":{"start":{"line":267,"column":74},"end":{"line":278,"column":2}},"113":{"start":{"line":268,"column":17},"end":{"line":268,"column":27}},"114":{"start":{"line":269,"column":24},"end":{"line":269,"column":32}},"115":{"start":{"line":270,"column":19},"end":{"line":270,"column":46}},"116":{"start":{"line":271,"column":2},"end":{"line":273,"column":null}},"117":{"start":{"line":272,"column":4},"end":{"line":272,"column":53}},"118":{"start":{"line":275,"column":2},"end":{"line":275,"column":45}},"119":{"start":{"line":277,"column":2},"end":{"line":277,"column":40}},"120":{"start":{"line":267,"column":13},"end":{"line":267,"column":36}},"121":{"start":{"line":280,"column":41},"end":{"line":294,"column":2}},"122":{"start":{"line":283,"column":4},"end":{"line":294,"column":2}},"123":{"start":{"line":284,"column":17},"end":{"line":284,"column":27}},"124":{"start":{"line":285,"column":24},"end":{"line":285,"column":32}},"125":{"start":{"line":286,"column":19},"end":{"line":286,"column":46}},"126":{"start":{"line":287,"column":2},"end":{"line":289,"column":null}},"127":{"start":{"line":288,"column":4},"end":{"line":288,"column":53}},"128":{"start":{"line":291,"column":2},"end":{"line":291,"column":48}},"129":{"start":{"line":293,"column":2},"end":{"line":293,"column":40}},"130":{"start":{"line":280,"column":13},"end":{"line":280,"column":41}}},"fnMap":{"0":{"name":"(anonymous_7)","decl":{"start":{"line":6,"column":29},"end":{"line":6,"column":36}},"loc":{"start":{"line":6,"column":67},"end":{"line":18,"column":2}}},"1":{"name":"(anonymous_8)","decl":{"start":{"line":6,"column":67},"end":{"line":6,"column":null}},"loc":{"start":{"line":6,"column":67},"end":{"line":18,"column":1}}},"2":{"name":"(anonymous_9)","decl":{"start":{"line":20,"column":27},"end":{"line":20,"column":34}},"loc":{"start":{"line":20,"column":65},"end":{"line":33,"column":2}}},"3":{"name":"(anonymous_10)","decl":{"start":{"line":20,"column":65},"end":{"line":20,"column":null}},"loc":{"start":{"line":20,"column":65},"end":{"line":33,"column":1}}},"4":{"name":"(anonymous_11)","decl":{"start":{"line":35,"column":30},"end":{"line":35,"column":37}},"loc":{"start":{"line":35,"column":68},"end":{"line":90,"column":2}}},"5":{"name":"(anonymous_12)","decl":{"start":{"line":35,"column":68},"end":{"line":35,"column":null}},"loc":{"start":{"line":35,"column":68},"end":{"line":90,"column":1}}},"6":{"name":"(anonymous_13)","decl":{"start":{"line":58,"column":66},"end":{"line":58,"column":67}},"loc":{"start":{"line":58,"column":79},"end":{"line":62,"column":5}}},"7":{"name":"(anonymous_14)","decl":{"start":{"line":66,"column":6},"end":{"line":66,"column":7}},"loc":{"start":{"line":66,"column":19},"end":{"line":70,"column":7}}},"8":{"name":"(anonymous_15)","decl":{"start":{"line":92,"column":30},"end":{"line":92,"column":37}},"loc":{"start":{"line":92,"column":68},"end":{"line":163,"column":2}}},"9":{"name":"(anonymous_16)","decl":{"start":{"line":92,"column":68},"end":{"line":92,"column":null}},"loc":{"start":{"line":92,"column":68},"end":{"line":163,"column":1}}},"10":{"name":"(anonymous_17)","decl":{"start":{"line":132,"column":64},"end":{"line":132,"column":65}},"loc":{"start":{"line":132,"column":77},"end":{"line":136,"column":5}}},"11":{"name":"(anonymous_18)","decl":{"start":{"line":140,"column":6},"end":{"line":140,"column":7}},"loc":{"start":{"line":140,"column":19},"end":{"line":144,"column":7}}},"12":{"name":"(anonymous_19)","decl":{"start":{"line":165,"column":30},"end":{"line":165,"column":37}},"loc":{"start":{"line":165,"column":68},"end":{"line":176,"column":2}}},"13":{"name":"(anonymous_20)","decl":{"start":{"line":165,"column":68},"end":{"line":165,"column":null}},"loc":{"start":{"line":165,"column":68},"end":{"line":176,"column":1}}},"14":{"name":"(anonymous_21)","decl":{"start":{"line":178,"column":39},"end":{"line":178,"column":46}},"loc":{"start":{"line":178,"column":77},"end":{"line":206,"column":2}}},"15":{"name":"(anonymous_22)","decl":{"start":{"line":178,"column":77},"end":{"line":178,"column":null}},"loc":{"start":{"line":178,"column":77},"end":{"line":206,"column":1}}},"16":{"name":"(anonymous_23)","decl":{"start":{"line":208,"column":37},"end":{"line":208,"column":44}},"loc":{"start":{"line":208,"column":75},"end":{"line":219,"column":2}}},"17":{"name":"(anonymous_24)","decl":{"start":{"line":208,"column":75},"end":{"line":208,"column":null}},"loc":{"start":{"line":208,"column":75},"end":{"line":219,"column":1}}},"18":{"name":"(anonymous_25)","decl":{"start":{"line":221,"column":42},"end":{"line":221,"column":null}},"loc":{"start":{"line":224,"column":4},"end":{"line":235,"column":2}}},"19":{"name":"(anonymous_26)","decl":{"start":{"line":224,"column":4},"end":{"line":224,"column":null}},"loc":{"start":{"line":224,"column":4},"end":{"line":235,"column":1}}},"20":{"name":"(anonymous_27)","decl":{"start":{"line":237,"column":38},"end":{"line":237,"column":45}},"loc":{"start":{"line":237,"column":76},"end":{"line":265,"column":2}}},"21":{"name":"(anonymous_28)","decl":{"start":{"line":237,"column":76},"end":{"line":237,"column":null}},"loc":{"start":{"line":237,"column":76},"end":{"line":265,"column":1}}},"22":{"name":"(anonymous_29)","decl":{"start":{"line":267,"column":36},"end":{"line":267,"column":43}},"loc":{"start":{"line":267,"column":74},"end":{"line":278,"column":2}}},"23":{"name":"(anonymous_30)","decl":{"start":{"line":267,"column":74},"end":{"line":267,"column":null}},"loc":{"start":{"line":267,"column":74},"end":{"line":278,"column":1}}},"24":{"name":"(anonymous_31)","decl":{"start":{"line":280,"column":41},"end":{"line":280,"column":null}},"loc":{"start":{"line":283,"column":4},"end":{"line":294,"column":2}}},"25":{"name":"(anonymous_32)","decl":{"start":{"line":283,"column":4},"end":{"line":283,"column":null}},"loc":{"start":{"line":283,"column":4},"end":{"line":294,"column":1}}}},"branchMap":{"0":{"loc":{"start":{"line":52,"column":2},"end":{"line":72,"column":null}},"type":"if","locations":[{"start":{"line":52,"column":2},"end":{"line":72,"column":null}}]},"1":{"loc":{"start":{"line":53,"column":22},"end":{"line":53,"column":41}},"type":"cond-expr","locations":[{"start":{"line":53,"column":27},"end":{"line":53,"column":29}},{"start":{"line":53,"column":22},"end":{"line":53,"column":41}}]},"2":{"loc":{"start":{"line":53,"column":22},"end":{"line":53,"column":29}},"type":"binary-expr","locations":[{"start":{"line":53,"column":22},"end":{"line":53,"column":29}},{"start":{"line":53,"column":22},"end":{"line":53,"column":29}}]},"3":{"loc":{"start":{"line":54,"column":21},"end":{"line":54,"column":39}},"type":"cond-expr","locations":[{"start":{"line":54,"column":26},"end":{"line":54,"column":28}},{"start":{"line":54,"column":21},"end":{"line":54,"column":39}}]},"4":{"loc":{"start":{"line":54,"column":21},"end":{"line":54,"column":28}},"type":"binary-expr","locations":[{"start":{"line":54,"column":21},"end":{"line":54,"column":28}},{"start":{"line":54,"column":21},"end":{"line":54,"column":28}}]},"5":{"loc":{"start":{"line":58,"column":4},"end":{"line":62,"column":6}},"type":"cond-expr","locations":[{"start":{"line":58,"column":13},"end":{"line":58,"column":15}},{"start":{"line":58,"column":4},"end":{"line":62,"column":6}}]},"6":{"loc":{"start":{"line":58,"column":4},"end":{"line":58,"column":15}},"type":"binary-expr","locations":[{"start":{"line":58,"column":4},"end":{"line":58,"column":15}},{"start":{"line":58,"column":4},"end":{"line":58,"column":15}}]},"7":{"loc":{"start":{"line":59,"column":6},"end":{"line":61,"column":null}},"type":"if","locations":[{"start":{"line":59,"column":6},"end":{"line":61,"column":null}}]},"8":{"loc":{"start":{"line":64,"column":4},"end":{"line":70,"column":null}},"type":"cond-expr","locations":[{"start":{"line":64,"column":12},"end":{"line":64,"column":14}},{"start":{"line":64,"column":4},"end":{"line":70,"column":null}}]},"9":{"loc":{"start":{"line":64,"column":4},"end":{"line":64,"column":14}},"type":"binary-expr","locations":[{"start":{"line":64,"column":4},"end":{"line":64,"column":14}},{"start":{"line":64,"column":4},"end":{"line":64,"column":14}}]},"10":{"loc":{"start":{"line":67,"column":8},"end":{"line":69,"column":null}},"type":"if","locations":[{"start":{"line":67,"column":8},"end":{"line":69,"column":null}}]},"11":{"loc":{"start":{"line":109,"column":2},"end":{"line":111,"column":null}},"type":"if","locations":[{"start":{"line":109,"column":2},"end":{"line":111,"column":null}}]},"12":{"loc":{"start":{"line":121,"column":2},"end":{"line":123,"column":null}},"type":"if","locations":[{"start":{"line":121,"column":2},"end":{"line":123,"column":null}}]},"13":{"loc":{"start":{"line":126,"column":2},"end":{"line":146,"column":null}},"type":"if","locations":[{"start":{"line":126,"column":2},"end":{"line":146,"column":null}}]},"14":{"loc":{"start":{"line":127,"column":22},"end":{"line":127,"column":41}},"type":"cond-expr","locations":[{"start":{"line":127,"column":27},"end":{"line":127,"column":29}},{"start":{"line":127,"column":22},"end":{"line":127,"column":41}}]},"15":{"loc":{"start":{"line":127,"column":22},"end":{"line":127,"column":29}},"type":"binary-expr","locations":[{"start":{"line":127,"column":22},"end":{"line":127,"column":29}},{"start":{"line":127,"column":22},"end":{"line":127,"column":29}}]},"16":{"loc":{"start":{"line":128,"column":21},"end":{"line":128,"column":39}},"type":"cond-expr","locations":[{"start":{"line":128,"column":26},"end":{"line":128,"column":28}},{"start":{"line":128,"column":21},"end":{"line":128,"column":39}}]},"17":{"loc":{"start":{"line":128,"column":21},"end":{"line":128,"column":28}},"type":"binary-expr","locations":[{"start":{"line":128,"column":21},"end":{"line":128,"column":28}},{"start":{"line":128,"column":21},"end":{"line":128,"column":28}}]},"18":{"loc":{"start":{"line":132,"column":4},"end":{"line":136,"column":6}},"type":"cond-expr","locations":[{"start":{"line":132,"column":13},"end":{"line":132,"column":15}},{"start":{"line":132,"column":4},"end":{"line":136,"column":6}}]},"19":{"loc":{"start":{"line":132,"column":4},"end":{"line":132,"column":15}},"type":"binary-expr","locations":[{"start":{"line":132,"column":4},"end":{"line":132,"column":15}},{"start":{"line":132,"column":4},"end":{"line":132,"column":15}}]},"20":{"loc":{"start":{"line":133,"column":6},"end":{"line":135,"column":null}},"type":"if","locations":[{"start":{"line":133,"column":6},"end":{"line":135,"column":null}}]},"21":{"loc":{"start":{"line":138,"column":4},"end":{"line":144,"column":null}},"type":"cond-expr","locations":[{"start":{"line":138,"column":12},"end":{"line":138,"column":14}},{"start":{"line":138,"column":4},"end":{"line":144,"column":null}}]},"22":{"loc":{"start":{"line":138,"column":4},"end":{"line":138,"column":14}},"type":"binary-expr","locations":[{"start":{"line":138,"column":4},"end":{"line":138,"column":14}},{"start":{"line":138,"column":4},"end":{"line":138,"column":14}}]},"23":{"loc":{"start":{"line":141,"column":8},"end":{"line":143,"column":null}},"type":"if","locations":[{"start":{"line":141,"column":8},"end":{"line":143,"column":null}}]},"24":{"loc":{"start":{"line":168,"column":2},"end":{"line":170,"column":null}},"type":"if","locations":[{"start":{"line":168,"column":2},"end":{"line":170,"column":null}}]},"25":{"loc":{"start":{"line":212,"column":2},"end":{"line":214,"column":null}},"type":"if","locations":[{"start":{"line":212,"column":2},"end":{"line":214,"column":null}}]},"26":{"loc":{"start":{"line":228,"column":2},"end":{"line":230,"column":null}},"type":"if","locations":[{"start":{"line":228,"column":2},"end":{"line":230,"column":null}}]},"27":{"loc":{"start":{"line":271,"column":2},"end":{"line":273,"column":null}},"type":"if","locations":[{"start":{"line":271,"column":2},"end":{"line":273,"column":null}}]},"28":{"loc":{"start":{"line":287,"column":2},"end":{"line":289,"column":null}},"type":"if","locations":[{"start":{"line":287,"column":2},"end":{"line":289,"column":null}}]}},"s":{"0":2,"1":2,"2":2,"3":2,"4":3,"5":3,"6":0,"7":2,"8":2,"9":0,"10":0,"11":0,"12":0,"13":2,"14":2,"15":0,"16":0,"17":0,"18":0,"19":0,"20":0,"21":0,"22":0,"23":0,"24":0,"25":0,"26":0,"27":0,"28":0,"29":0,"30":0,"31":2,"32":2,"33":0,"34":0,"35":0,"36":0,"37":0,"38":0,"39":0,"40":0,"41":0,"42":0,"43":0,"44":0,"45":0,"46":0,"47":0,"48":0,"49":0,"50":0,"51":0,"52":0,"53":0,"54":0,"55":0,"56":0,"57":0,"58":0,"59":0,"60":0,"61":0,"62":0,"63":0,"64":0,"65":0,"66":0,"67":0,"68":2,"69":2,"70":0,"71":0,"72":0,"73":0,"74":0,"75":0,"76":0,"77":0,"78":2,"79":2,"80":0,"81":0,"82":0,"83":0,"84":2,"85":2,"86":0,"87":0,"88":0,"89":0,"90":0,"91":0,"92":0,"93":0,"94":2,"95":2,"96":0,"97":0,"98":0,"99":0,"100":0,"101":0,"102":0,"103":0,"104":2,"105":2,"106":0,"107":0,"108":0,"109":0,"110":2,"111":2,"112":0,"113":0,"114":0,"115":0,"116":0,"117":0,"118":0,"119":0,"120":2,"121":2,"122":0,"123":0,"124":0,"125":0,"126":0,"127":0,"128":0,"129":0,"130":2},"f":{"0":3,"1":3,"2":0,"3":0,"4":0,"5":0,"6":0,"7":0,"8":0,"9":0,"10":0,"11":0,"12":0,"13":0,"14":0,"15":0,"16":0,"17":0,"18":0,"19":0,"20":0,"21":0,"22":0,"23":0,"24":0,"25":0},"b":{"0":[0],"1":[0,0],"2":[0,0],"3":[0,0],"4":[0,0],"5":[0,0],"6":[0,0],"7":[0],"8":[0,0],"9":[0,0],"10":[0],"11":[0],"12":[0],"13":[0],"14":[0,0],"15":[0,0],"16":[0,0],"17":[0,0],"18":[0,0],"19":[0,0],"20":[0],"21":[0,0],"22":[0,0],"23":[0],"24":[0],"25":[0],"26":[0],"27":[0],"28":[0]}}
,"C:\\Users\\saeidtf\\Desktop\\shop-api-typescript\\src\\controllers\\city.controller.ts": {"path":"C:\\Users\\saeidtf\\Desktop\\shop-api-typescript\\src\\controllers\\city.controller.ts","statementMap":{"0":{"start":{"line":2,"column":0},"end":{"line":2,"column":74}},"1":{"start":{"line":3,"column":0},"end":{"line":3,"column":33}},"2":{"start":{"line":5,"column":25},"end":{"line":18,"column":2}},"3":{"start":{"line":5,"column":63},"end":{"line":18,"column":2}},"4":{"start":{"line":6,"column":17},"end":{"line":15,"column":4}},"5":{"start":{"line":17,"column":2},"end":{"line":17,"column":38}},"6":{"start":{"line":5,"column":13},"end":{"line":5,"column":25}},"7":{"start":{"line":20,"column":23},"end":{"line":36,"column":2}},"8":{"start":{"line":20,"column":61},"end":{"line":36,"column":2}},"9":{"start":{"line":21,"column":17},"end":{"line":21,"column":27}},"10":{"start":{"line":22,"column":15},"end":{"line":33,"column":4}},"11":{"start":{"line":35,"column":2},"end":{"line":35,"column":36}},"12":{"start":{"line":20,"column":13},"end":{"line":20,"column":23}},"13":{"start":{"line":38,"column":26},"end":{"line":47,"column":2}},"14":{"start":{"line":38,"column":64},"end":{"line":47,"column":2}},"15":{"start":{"line":39,"column":29},"end":{"line":39,"column":37}},"16":{"start":{"line":41,"column":15},"end":{"line":44,"column":4}},"17":{"start":{"line":46,"column":2},"end":{"line":46,"column":36}},"18":{"start":{"line":38,"column":13},"end":{"line":38,"column":26}},"19":{"start":{"line":49,"column":26},"end":{"line":64,"column":2}},"20":{"start":{"line":49,"column":64},"end":{"line":64,"column":2}},"21":{"start":{"line":50,"column":17},"end":{"line":50,"column":27}},"22":{"start":{"line":51,"column":29},"end":{"line":51,"column":37}},"23":{"start":{"line":53,"column":15},"end":{"line":53,"column":38}},"24":{"start":{"line":55,"column":2},"end":{"line":57,"column":null}},"25":{"start":{"line":56,"column":4},"end":{"line":56,"column":49}},"26":{"start":{"line":59,"column":2},"end":{"line":59,"column":19}},"27":{"start":{"line":60,"column":2},"end":{"line":60,"column":31}},"28":{"start":{"line":61,"column":2},"end":{"line":61,"column":20}},"29":{"start":{"line":63,"column":2},"end":{"line":63,"column":52}},"30":{"start":{"line":49,"column":13},"end":{"line":49,"column":26}},"31":{"start":{"line":66,"column":26},"end":{"line":78,"column":2}},"32":{"start":{"line":66,"column":64},"end":{"line":78,"column":2}},"33":{"start":{"line":67,"column":17},"end":{"line":67,"column":27}},"34":{"start":{"line":69,"column":15},"end":{"line":69,"column":38}},"35":{"start":{"line":71,"column":2},"end":{"line":73,"column":null}},"36":{"start":{"line":72,"column":4},"end":{"line":72,"column":49}},"37":{"start":{"line":75,"column":2},"end":{"line":75,"column":23}},"38":{"start":{"line":77,"column":2},"end":{"line":77,"column":52}},"39":{"start":{"line":66,"column":13},"end":{"line":66,"column":26}}},"fnMap":{"0":{"name":"(anonymous_7)","decl":{"start":{"line":5,"column":25},"end":{"line":5,"column":32}},"loc":{"start":{"line":5,"column":63},"end":{"line":18,"column":2}}},"1":{"name":"(anonymous_8)","decl":{"start":{"line":5,"column":63},"end":{"line":5,"column":null}},"loc":{"start":{"line":5,"column":63},"end":{"line":18,"column":1}}},"2":{"name":"(anonymous_9)","decl":{"start":{"line":20,"column":23},"end":{"line":20,"column":30}},"loc":{"start":{"line":20,"column":61},"end":{"line":36,"column":2}}},"3":{"name":"(anonymous_10)","decl":{"start":{"line":20,"column":61},"end":{"line":20,"column":null}},"loc":{"start":{"line":20,"column":61},"end":{"line":36,"column":1}}},"4":{"name":"(anonymous_11)","decl":{"start":{"line":38,"column":26},"end":{"line":38,"column":33}},"loc":{"start":{"line":38,"column":64},"end":{"line":47,"column":2}}},"5":{"name":"(anonymous_12)","decl":{"start":{"line":38,"column":64},"end":{"line":38,"column":null}},"loc":{"start":{"line":38,"column":64},"end":{"line":47,"column":1}}},"6":{"name":"(anonymous_13)","decl":{"start":{"line":49,"column":26},"end":{"line":49,"column":33}},"loc":{"start":{"line":49,"column":64},"end":{"line":64,"column":2}}},"7":{"name":"(anonymous_14)","decl":{"start":{"line":49,"column":64},"end":{"line":49,"column":null}},"loc":{"start":{"line":49,"column":64},"end":{"line":64,"column":1}}},"8":{"name":"(anonymous_15)","decl":{"start":{"line":66,"column":26},"end":{"line":66,"column":33}},"loc":{"start":{"line":66,"column":64},"end":{"line":78,"column":2}}},"9":{"name":"(anonymous_16)","decl":{"start":{"line":66,"column":64},"end":{"line":66,"column":null}},"loc":{"start":{"line":66,"column":64},"end":{"line":78,"column":1}}}},"branchMap":{"0":{"loc":{"start":{"line":55,"column":2},"end":{"line":57,"column":null}},"type":"if","locations":[{"start":{"line":55,"column":2},"end":{"line":57,"column":null}}]},"1":{"loc":{"start":{"line":71,"column":2},"end":{"line":73,"column":null}},"type":"if","locations":[{"start":{"line":71,"column":2},"end":{"line":73,"column":null}}]}},"s":{"0":2,"1":2,"2":2,"3":0,"4":0,"5":0,"6":2,"7":2,"8":0,"9":0,"10":0,"11":0,"12":2,"13":2,"14":0,"15":0,"16":0,"17":0,"18":2,"19":2,"20":0,"21":0,"22":0,"23":0,"24":0,"25":0,"26":0,"27":0,"28":0,"29":0,"30":2,"31":2,"32":0,"33":0,"34":0,"35":0,"36":0,"37":0,"38":0,"39":2},"f":{"0":0,"1":0,"2":0,"3":0,"4":0,"5":0,"6":0,"7":0,"8":0,"9":0},"b":{"0":[0],"1":[0]}}
,"C:\\Users\\saeidtf\\Desktop\\shop-api-typescript\\src\\controllers\\contact.controller.ts": {"path":"C:\\Users\\saeidtf\\Desktop\\shop-api-typescript\\src\\controllers\\contact.controller.ts","statementMap":{"0":{"start":{"line":2,"column":0},"end":{"line":2,"column":74}},"1":{"start":{"line":3,"column":0},"end":{"line":3,"column":36}},"2":{"start":{"line":5,"column":27},"end":{"line":21,"column":2}},"3":{"start":{"line":5,"column":65},"end":{"line":21,"column":2}},"4":{"start":{"line":6,"column":19},"end":{"line":18,"column":4}},"5":{"start":{"line":20,"column":2},"end":{"line":20,"column":40}},"6":{"start":{"line":5,"column":13},"end":{"line":5,"column":27}},"7":{"start":{"line":23,"column":26},"end":{"line":46,"column":2}},"8":{"start":{"line":23,"column":64},"end":{"line":46,"column":2}},"9":{"start":{"line":24,"column":17},"end":{"line":24,"column":27}},"10":{"start":{"line":25,"column":18},"end":{"line":39,"column":4}},"11":{"start":{"line":41,"column":2},"end":{"line":43,"column":null}},"12":{"start":{"line":42,"column":4},"end":{"line":42,"column":52}},"13":{"start":{"line":45,"column":2},"end":{"line":45,"column":39}},"14":{"start":{"line":23,"column":13},"end":{"line":23,"column":26}},"15":{"start":{"line":48,"column":29},"end":{"line":62,"column":2}},"16":{"start":{"line":48,"column":67},"end":{"line":62,"column":2}},"17":{"start":{"line":49,"column":52},"end":{"line":49,"column":60}},"18":{"start":{"line":50,"column":17},"end":{"line":50,"column":23}},"19":{"start":{"line":52,"column":18},"end":{"line":59,"column":4}},"20":{"start":{"line":61,"column":2},"end":{"line":61,"column":39}},"21":{"start":{"line":48,"column":13},"end":{"line":48,"column":29}},"22":{"start":{"line":64,"column":29},"end":{"line":79,"column":2}},"23":{"start":{"line":64,"column":67},"end":{"line":79,"column":2}},"24":{"start":{"line":65,"column":17},"end":{"line":65,"column":27}},"25":{"start":{"line":66,"column":20},"end":{"line":66,"column":28}},"26":{"start":{"line":68,"column":18},"end":{"line":68,"column":44}},"27":{"start":{"line":70,"column":2},"end":{"line":72,"column":null}},"28":{"start":{"line":71,"column":4},"end":{"line":71,"column":52}},"29":{"start":{"line":74,"column":2},"end":{"line":74,"column":28}},"30":{"start":{"line":76,"column":2},"end":{"line":76,"column":23}},"31":{"start":{"line":78,"column":2},"end":{"line":78,"column":39}},"32":{"start":{"line":64,"column":13},"end":{"line":64,"column":29}},"33":{"start":{"line":81,"column":29},"end":{"line":93,"column":2}},"34":{"start":{"line":81,"column":67},"end":{"line":93,"column":2}},"35":{"start":{"line":82,"column":17},"end":{"line":82,"column":27}},"36":{"start":{"line":84,"column":18},"end":{"line":84,"column":44}},"37":{"start":{"line":86,"column":2},"end":{"line":88,"column":null}},"38":{"start":{"line":87,"column":4},"end":{"line":87,"column":52}},"39":{"start":{"line":90,"column":2},"end":{"line":90,"column":26}},"40":{"start":{"line":92,"column":2},"end":{"line":92,"column":39}},"41":{"start":{"line":81,"column":13},"end":{"line":81,"column":29}}},"fnMap":{"0":{"name":"(anonymous_7)","decl":{"start":{"line":5,"column":27},"end":{"line":5,"column":34}},"loc":{"start":{"line":5,"column":65},"end":{"line":21,"column":2}}},"1":{"name":"(anonymous_8)","decl":{"start":{"line":5,"column":65},"end":{"line":5,"column":null}},"loc":{"start":{"line":5,"column":65},"end":{"line":21,"column":1}}},"2":{"name":"(anonymous_9)","decl":{"start":{"line":23,"column":26},"end":{"line":23,"column":33}},"loc":{"start":{"line":23,"column":64},"end":{"line":46,"column":2}}},"3":{"name":"(anonymous_10)","decl":{"start":{"line":23,"column":64},"end":{"line":23,"column":null}},"loc":{"start":{"line":23,"column":64},"end":{"line":46,"column":1}}},"4":{"name":"(anonymous_11)","decl":{"start":{"line":48,"column":29},"end":{"line":48,"column":36}},"loc":{"start":{"line":48,"column":67},"end":{"line":62,"column":2}}},"5":{"name":"(anonymous_12)","decl":{"start":{"line":48,"column":67},"end":{"line":48,"column":null}},"loc":{"start":{"line":48,"column":67},"end":{"line":62,"column":1}}},"6":{"name":"(anonymous_13)","decl":{"start":{"line":64,"column":29},"end":{"line":64,"column":36}},"loc":{"start":{"line":64,"column":67},"end":{"line":79,"column":2}}},"7":{"name":"(anonymous_14)","decl":{"start":{"line":64,"column":67},"end":{"line":64,"column":null}},"loc":{"start":{"line":64,"column":67},"end":{"line":79,"column":1}}},"8":{"name":"(anonymous_15)","decl":{"start":{"line":81,"column":29},"end":{"line":81,"column":36}},"loc":{"start":{"line":81,"column":67},"end":{"line":93,"column":2}}},"9":{"name":"(anonymous_16)","decl":{"start":{"line":81,"column":67},"end":{"line":81,"column":null}},"loc":{"start":{"line":81,"column":67},"end":{"line":93,"column":1}}}},"branchMap":{"0":{"loc":{"start":{"line":41,"column":2},"end":{"line":43,"column":null}},"type":"if","locations":[{"start":{"line":41,"column":2},"end":{"line":43,"column":null}}]},"1":{"loc":{"start":{"line":70,"column":2},"end":{"line":72,"column":null}},"type":"if","locations":[{"start":{"line":70,"column":2},"end":{"line":72,"column":null}}]},"2":{"loc":{"start":{"line":86,"column":2},"end":{"line":88,"column":null}},"type":"if","locations":[{"start":{"line":86,"column":2},"end":{"line":88,"column":null}}]}},"s":{"0":2,"1":2,"2":2,"3":0,"4":0,"5":0,"6":2,"7":2,"8":0,"9":0,"10":0,"11":0,"12":0,"13":0,"14":2,"15":2,"16":0,"17":0,"18":0,"19":0,"20":0,"21":2,"22":2,"23":0,"24":0,"25":0,"26":0,"27":0,"28":0,"29":0,"30":0,"31":0,"32":2,"33":2,"34":0,"35":0,"36":0,"37":0,"38":0,"39":0,"40":0,"41":2},"f":{"0":0,"1":0,"2":0,"3":0,"4":0,"5":0,"6":0,"7":0,"8":0,"9":0},"b":{"0":[0],"1":[0],"2":[0]}}
,"C:\\Users\\saeidtf\\Desktop\\shop-api-typescript\\src\\controllers\\discount.controller.ts": {"path":"C:\\Users\\saeidtf\\Desktop\\shop-api-typescript\\src\\controllers\\discount.controller.ts","statementMap":{"0":{"start":{"line":2,"column":0},"end":{"line":2,"column":74}},"1":{"start":{"line":3,"column":0},"end":{"line":3,"column":37}},"2":{"start":{"line":5,"column":28},"end":{"line":22,"column":2}},"3":{"start":{"line":5,"column":66},"end":{"line":22,"column":2}},"4":{"start":{"line":6,"column":20},"end":{"line":19,"column":4}},"5":{"start":{"line":21,"column":2},"end":{"line":21,"column":41}},"6":{"start":{"line":5,"column":13},"end":{"line":5,"column":28}},"7":{"start":{"line":24,"column":27},"end":{"line":48,"column":2}},"8":{"start":{"line":24,"column":65},"end":{"line":48,"column":2}},"9":{"start":{"line":25,"column":17},"end":{"line":25,"column":27}},"10":{"start":{"line":26,"column":19},"end":{"line":41,"column":4}},"11":{"start":{"line":43,"column":2},"end":{"line":45,"column":null}},"12":{"start":{"line":44,"column":4},"end":{"line":44,"column":53}},"13":{"start":{"line":47,"column":2},"end":{"line":47,"column":40}},"14":{"start":{"line":24,"column":13},"end":{"line":24,"column":27}},"15":{"start":{"line":50,"column":30},"end":{"line":86,"column":2}},"16":{"start":{"line":50,"column":68},"end":{"line":86,"column":2}},"17":{"start":{"line":60,"column":6},"end":{"line":60,"column":14}},"18":{"start":{"line":62,"column":2},"end":{"line":66,"column":null}},"19":{"start":{"line":63,"column":4},"end":{"line":63,"column":23}},"20":{"start":{"line":65,"column":4},"end":{"line":65,"column":27}},"21":{"start":{"line":68,"column":2},"end":{"line":72,"column":null}},"22":{"start":{"line":69,"column":4},"end":{"line":71,"column":null}},"23":{"start":{"line":70,"column":6},"end":{"line":70,"column":60}},"24":{"start":{"line":74,"column":19},"end":{"line":83,"column":4}},"25":{"start":{"line":85,"column":2},"end":{"line":85,"column":40}},"26":{"start":{"line":50,"column":13},"end":{"line":50,"column":30}},"27":{"start":{"line":88,"column":30},"end":{"line":135,"column":2}},"28":{"start":{"line":88,"column":68},"end":{"line":135,"column":2}},"29":{"start":{"line":89,"column":17},"end":{"line":89,"column":27}},"30":{"start":{"line":99,"column":6},"end":{"line":99,"column":14}},"31":{"start":{"line":101,"column":19},"end":{"line":105,"column":4}},"32":{"start":{"line":107,"column":2},"end":{"line":109,"column":null}},"33":{"start":{"line":108,"column":4},"end":{"line":108,"column":53}},"34":{"start":{"line":111,"column":2},"end":{"line":115,"column":null}},"35":{"start":{"line":112,"column":4},"end":{"line":114,"column":null}},"36":{"start":{"line":113,"column":6},"end":{"line":113,"column":60}},"37":{"start":{"line":117,"column":2},"end":{"line":121,"column":null}},"38":{"start":{"line":118,"column":4},"end":{"line":118,"column":23}},"39":{"start":{"line":120,"column":4},"end":{"line":120,"column":27}},"40":{"start":{"line":123,"column":2},"end":{"line":132,"column":5}},"41":{"start":{"line":134,"column":2},"end":{"line":134,"column":40}},"42":{"start":{"line":88,"column":13},"end":{"line":88,"column":30}},"43":{"start":{"line":137,"column":30},"end":{"line":153,"column":2}},"44":{"start":{"line":137,"column":68},"end":{"line":153,"column":2}},"45":{"start":{"line":138,"column":17},"end":{"line":138,"column":27}},"46":{"start":{"line":140,"column":19},"end":{"line":144,"column":4}},"47":{"start":{"line":146,"column":2},"end":{"line":148,"column":null}},"48":{"start":{"line":147,"column":4},"end":{"line":147,"column":53}},"49":{"start":{"line":150,"column":2},"end":{"line":150,"column":27}},"50":{"start":{"line":152,"column":2},"end":{"line":152,"column":40}},"51":{"start":{"line":137,"column":13},"end":{"line":137,"column":30}}},"fnMap":{"0":{"name":"(anonymous_7)","decl":{"start":{"line":5,"column":28},"end":{"line":5,"column":35}},"loc":{"start":{"line":5,"column":66},"end":{"line":22,"column":2}}},"1":{"name":"(anonymous_8)","decl":{"start":{"line":5,"column":66},"end":{"line":5,"column":null}},"loc":{"start":{"line":5,"column":66},"end":{"line":22,"column":1}}},"2":{"name":"(anonymous_9)","decl":{"start":{"line":24,"column":27},"end":{"line":24,"column":34}},"loc":{"start":{"line":24,"column":65},"end":{"line":48,"column":2}}},"3":{"name":"(anonymous_10)","decl":{"start":{"line":24,"column":65},"end":{"line":24,"column":null}},"loc":{"start":{"line":24,"column":65},"end":{"line":48,"column":1}}},"4":{"name":"(anonymous_11)","decl":{"start":{"line":50,"column":30},"end":{"line":50,"column":37}},"loc":{"start":{"line":50,"column":68},"end":{"line":86,"column":2}}},"5":{"name":"(anonymous_12)","decl":{"start":{"line":50,"column":68},"end":{"line":50,"column":null}},"loc":{"start":{"line":50,"column":68},"end":{"line":86,"column":1}}},"6":{"name":"(anonymous_13)","decl":{"start":{"line":88,"column":30},"end":{"line":88,"column":37}},"loc":{"start":{"line":88,"column":68},"end":{"line":135,"column":2}}},"7":{"name":"(anonymous_14)","decl":{"start":{"line":88,"column":68},"end":{"line":88,"column":null}},"loc":{"start":{"line":88,"column":68},"end":{"line":135,"column":1}}},"8":{"name":"(anonymous_15)","decl":{"start":{"line":137,"column":30},"end":{"line":137,"column":37}},"loc":{"start":{"line":137,"column":68},"end":{"line":153,"column":2}}},"9":{"name":"(anonymous_16)","decl":{"start":{"line":137,"column":68},"end":{"line":137,"column":null}},"loc":{"start":{"line":137,"column":68},"end":{"line":153,"column":1}}}},"branchMap":{"0":{"loc":{"start":{"line":43,"column":2},"end":{"line":45,"column":null}},"type":"if","locations":[{"start":{"line":43,"column":2},"end":{"line":45,"column":null}}]},"1":{"loc":{"start":{"line":62,"column":2},"end":{"line":66,"column":null}},"type":"if","locations":[{"start":{"line":62,"column":2},"end":{"line":66,"column":null}},{"start":{"line":64,"column":9},"end":{"line":66,"column":null}}]},"2":{"loc":{"start":{"line":68,"column":2},"end":{"line":72,"column":null}},"type":"if","locations":[{"start":{"line":68,"column":2},"end":{"line":72,"column":null}}]},"3":{"loc":{"start":{"line":69,"column":4},"end":{"line":71,"column":null}},"type":"if","locations":[{"start":{"line":69,"column":4},"end":{"line":71,"column":null}}]},"4":{"loc":{"start":{"line":107,"column":2},"end":{"line":109,"column":null}},"type":"if","locations":[{"start":{"line":107,"column":2},"end":{"line":109,"column":null}}]},"5":{"loc":{"start":{"line":111,"column":2},"end":{"line":115,"column":null}},"type":"if","locations":[{"start":{"line":111,"column":2},"end":{"line":115,"column":null}}]},"6":{"loc":{"start":{"line":112,"column":4},"end":{"line":114,"column":null}},"type":"if","locations":[{"start":{"line":112,"column":4},"end":{"line":114,"column":null}}]},"7":{"loc":{"start":{"line":117,"column":2},"end":{"line":121,"column":null}},"type":"if","locations":[{"start":{"line":117,"column":2},"end":{"line":121,"column":null}},{"start":{"line":119,"column":9},"end":{"line":121,"column":null}}]},"8":{"loc":{"start":{"line":146,"column":2},"end":{"line":148,"column":null}},"type":"if","locations":[{"start":{"line":146,"column":2},"end":{"line":148,"column":null}}]}},"s":{"0":2,"1":2,"2":2,"3":0,"4":0,"5":0,"6":2,"7":2,"8":0,"9":0,"10":0,"11":0,"12":0,"13":0,"14":2,"15":2,"16":0,"17":0,"18":0,"19":0,"20":0,"21":0,"22":0,"23":0,"24":0,"25":0,"26":2,"27":2,"28":0,"29":0,"30":0,"31":0,"32":0,"33":0,"34":0,"35":0,"36":0,"37":0,"38":0,"39":0,"40":0,"41":0,"42":2,"43":2,"44":0,"45":0,"46":0,"47":0,"48":0,"49":0,"50":0,"51":2},"f":{"0":0,"1":0,"2":0,"3":0,"4":0,"5":0,"6":0,"7":0,"8":0,"9":0},"b":{"0":[0],"1":[0,0],"2":[0],"3":[0],"4":[0],"5":[0],"6":[0],"7":[0,0],"8":[0]}}
,"C:\\Users\\saeidtf\\Desktop\\shop-api-typescript\\src\\controllers\\gallery.controller.ts": {"path":"C:\\Users\\saeidtf\\Desktop\\shop-api-typescript\\src\\controllers\\gallery.controller.ts","statementMap":{"0":{"start":{"line":2,"column":0},"end":{"line":2,"column":44}},"1":{"start":{"line":3,"column":0},"end":{"line":3,"column":74}},"2":{"start":{"line":5,"column":28},"end":{"line":11,"column":2}},"3":{"start":{"line":5,"column":66},"end":{"line":11,"column":2}},"4":{"start":{"line":6,"column":20},"end":{"line":9,"column":4}},"5":{"start":{"line":10,"column":2},"end":{"line":10,"column":41}},"6":{"start":{"line":5,"column":13},"end":{"line":5,"column":28}},"7":{"start":{"line":13,"column":26},"end":{"line":18,"column":2}},"8":{"start":{"line":13,"column":64},"end":{"line":18,"column":2}},"9":{"start":{"line":14,"column":18},"end":{"line":16,"column":4}},"10":{"start":{"line":17,"column":2},"end":{"line":17,"column":39}},"11":{"start":{"line":13,"column":13},"end":{"line":13,"column":26}},"12":{"start":{"line":20,"column":29},"end":{"line":52,"column":2}},"13":{"start":{"line":20,"column":67},"end":{"line":52,"column":2}},"14":{"start":{"line":21,"column":42},"end":{"line":21,"column":50}},"15":{"start":{"line":23,"column":16},"end":{"line":23,"column":25}},"16":{"start":{"line":24,"column":2},"end":{"line":43,"column":null}},"17":{"start":{"line":25,"column":22},"end":{"line":25,"column":41}},"18":{"start":{"line":26,"column":4},"end":{"line":26,"column":27}},"19":{"start":{"line":27,"column":4},"end":{"line":27,"column":31}},"20":{"start":{"line":29,"column":4},"end":{"line":33,"column":7}},"21":{"start":{"line":30,"column":6},"end":{"line":32,"column":null}},"22":{"start":{"line":31,"column":8},"end":{"line":31,"column":25}},"23":{"start":{"line":35,"column":4},"end":{"line":42,"column":6}},"24":{"start":{"line":38,"column":8},"end":{"line":40,"column":null}},"25":{"start":{"line":39,"column":10},"end":{"line":39,"column":27}},"26":{"start":{"line":45,"column":18},"end":{"line":50,"column":4}},"27":{"start":{"line":51,"column":2},"end":{"line":51,"column":39}},"28":{"start":{"line":20,"column":13},"end":{"line":20,"column":29}},"29":{"start":{"line":54,"column":29},"end":{"line":91,"column":2}},"30":{"start":{"line":54,"column":67},"end":{"line":91,"column":2}},"31":{"start":{"line":55,"column":17},"end":{"line":55,"column":27}},"32":{"start":{"line":56,"column":42},"end":{"line":56,"column":50}},"33":{"start":{"line":57,"column":18},"end":{"line":57,"column":44}},"34":{"start":{"line":58,"column":2},"end":{"line":60,"column":null}},"35":{"start":{"line":59,"column":4},"end":{"line":59,"column":52}},"36":{"start":{"line":62,"column":16},"end":{"line":62,"column":25}},"37":{"start":{"line":63,"column":2},"end":{"line":82,"column":null}},"38":{"start":{"line":64,"column":22},"end":{"line":64,"column":41}},"39":{"start":{"line":65,"column":4},"end":{"line":65,"column":27}},"40":{"start":{"line":66,"column":4},"end":{"line":66,"column":31}},"41":{"start":{"line":68,"column":4},"end":{"line":72,"column":7}},"42":{"start":{"line":69,"column":6},"end":{"line":71,"column":null}},"43":{"start":{"line":70,"column":8},"end":{"line":70,"column":25}},"44":{"start":{"line":74,"column":4},"end":{"line":81,"column":6}},"45":{"start":{"line":77,"column":8},"end":{"line":79,"column":null}},"46":{"start":{"line":78,"column":10},"end":{"line":78,"column":27}},"47":{"start":{"line":84,"column":2},"end":{"line":89,"column":5}},"48":{"start":{"line":90,"column":2},"end":{"line":90,"column":39}},"49":{"start":{"line":54,"column":13},"end":{"line":54,"column":29}},"50":{"start":{"line":93,"column":29},"end":{"line":100,"column":2}},"51":{"start":{"line":93,"column":67},"end":{"line":100,"column":2}},"52":{"start":{"line":94,"column":18},"end":{"line":94,"column":55}},"53":{"start":{"line":95,"column":2},"end":{"line":97,"column":null}},"54":{"start":{"line":96,"column":4},"end":{"line":96,"column":52}},"55":{"start":{"line":98,"column":2},"end":{"line":98,"column":26}},"56":{"start":{"line":99,"column":2},"end":{"line":99,"column":39}},"57":{"start":{"line":93,"column":13},"end":{"line":93,"column":29}}},"fnMap":{"0":{"name":"(anonymous_7)","decl":{"start":{"line":5,"column":28},"end":{"line":5,"column":35}},"loc":{"start":{"line":5,"column":66},"end":{"line":11,"column":2}}},"1":{"name":"(anonymous_8)","decl":{"start":{"line":5,"column":66},"end":{"line":5,"column":null}},"loc":{"start":{"line":5,"column":66},"end":{"line":11,"column":1}}},"2":{"name":"(anonymous_9)","decl":{"start":{"line":13,"column":26},"end":{"line":13,"column":33}},"loc":{"start":{"line":13,"column":64},"end":{"line":18,"column":2}}},"3":{"name":"(anonymous_10)","decl":{"start":{"line":13,"column":64},"end":{"line":13,"column":null}},"loc":{"start":{"line":13,"column":64},"end":{"line":18,"column":1}}},"4":{"name":"(anonymous_11)","decl":{"start":{"line":20,"column":29},"end":{"line":20,"column":36}},"loc":{"start":{"line":20,"column":67},"end":{"line":52,"column":2}}},"5":{"name":"(anonymous_12)","decl":{"start":{"line":20,"column":67},"end":{"line":20,"column":null}},"loc":{"start":{"line":20,"column":67},"end":{"line":52,"column":1}}},"6":{"name":"(anonymous_13)","decl":{"start":{"line":29,"column":54},"end":{"line":29,"column":55}},"loc":{"start":{"line":29,"column":67},"end":{"line":33,"column":5}}},"7":{"name":"(anonymous_14)","decl":{"start":{"line":37,"column":6},"end":{"line":37,"column":7}},"loc":{"start":{"line":37,"column":19},"end":{"line":41,"column":7}}},"8":{"name":"(anonymous_15)","decl":{"start":{"line":54,"column":29},"end":{"line":54,"column":36}},"loc":{"start":{"line":54,"column":67},"end":{"line":91,"column":2}}},"9":{"name":"(anonymous_16)","decl":{"start":{"line":54,"column":67},"end":{"line":54,"column":null}},"loc":{"start":{"line":54,"column":67},"end":{"line":91,"column":1}}},"10":{"name":"(anonymous_17)","decl":{"start":{"line":68,"column":54},"end":{"line":68,"column":55}},"loc":{"start":{"line":68,"column":67},"end":{"line":72,"column":5}}},"11":{"name":"(anonymous_18)","decl":{"start":{"line":76,"column":6},"end":{"line":76,"column":7}},"loc":{"start":{"line":76,"column":19},"end":{"line":80,"column":7}}},"12":{"name":"(anonymous_19)","decl":{"start":{"line":93,"column":29},"end":{"line":93,"column":36}},"loc":{"start":{"line":93,"column":67},"end":{"line":100,"column":2}}},"13":{"name":"(anonymous_20)","decl":{"start":{"line":93,"column":67},"end":{"line":93,"column":null}},"loc":{"start":{"line":93,"column":67},"end":{"line":100,"column":1}}}},"branchMap":{"0":{"loc":{"start":{"line":24,"column":2},"end":{"line":43,"column":null}},"type":"if","locations":[{"start":{"line":24,"column":2},"end":{"line":43,"column":null}}]},"1":{"loc":{"start":{"line":25,"column":22},"end":{"line":25,"column":41}},"type":"cond-expr","locations":[{"start":{"line":25,"column":27},"end":{"line":25,"column":29}},{"start":{"line":25,"column":22},"end":{"line":25,"column":41}}]},"2":{"loc":{"start":{"line":25,"column":22},"end":{"line":25,"column":29}},"type":"binary-expr","locations":[{"start":{"line":25,"column":22},"end":{"line":25,"column":29}},{"start":{"line":25,"column":22},"end":{"line":25,"column":29}}]},"3":{"loc":{"start":{"line":29,"column":4},"end":{"line":33,"column":6}},"type":"cond-expr","locations":[{"start":{"line":29,"column":13},"end":{"line":29,"column":15}},{"start":{"line":29,"column":4},"end":{"line":33,"column":6}}]},"4":{"loc":{"start":{"line":29,"column":4},"end":{"line":29,"column":15}},"type":"binary-expr","locations":[{"start":{"line":29,"column":4},"end":{"line":29,"column":15}},{"start":{"line":29,"column":4},"end":{"line":29,"column":15}}]},"5":{"loc":{"start":{"line":30,"column":6},"end":{"line":32,"column":null}},"type":"if","locations":[{"start":{"line":30,"column":6},"end":{"line":32,"column":null}}]},"6":{"loc":{"start":{"line":35,"column":4},"end":{"line":41,"column":null}},"type":"cond-expr","locations":[{"start":{"line":35,"column":13},"end":{"line":35,"column":15}},{"start":{"line":35,"column":4},"end":{"line":41,"column":null}}]},"7":{"loc":{"start":{"line":35,"column":4},"end":{"line":35,"column":15}},"type":"binary-expr","locations":[{"start":{"line":35,"column":4},"end":{"line":35,"column":15}},{"start":{"line":35,"column":4},"end":{"line":35,"column":15}}]},"8":{"loc":{"start":{"line":38,"column":8},"end":{"line":40,"column":null}},"type":"if","locations":[{"start":{"line":38,"column":8},"end":{"line":40,"column":null}}]},"9":{"loc":{"start":{"line":58,"column":2},"end":{"line":60,"column":null}},"type":"if","locations":[{"start":{"line":58,"column":2},"end":{"line":60,"column":null}}]},"10":{"loc":{"start":{"line":63,"column":2},"end":{"line":82,"column":null}},"type":"if","locations":[{"start":{"line":63,"column":2},"end":{"line":82,"column":null}}]},"11":{"loc":{"start":{"line":64,"column":22},"end":{"line":64,"column":41}},"type":"cond-expr","locations":[{"start":{"line":64,"column":27},"end":{"line":64,"column":29}},{"start":{"line":64,"column":22},"end":{"line":64,"column":41}}]},"12":{"loc":{"start":{"line":64,"column":22},"end":{"line":64,"column":29}},"type":"binary-expr","locations":[{"start":{"line":64,"column":22},"end":{"line":64,"column":29}},{"start":{"line":64,"column":22},"end":{"line":64,"column":29}}]},"13":{"loc":{"start":{"line":68,"column":4},"end":{"line":72,"column":6}},"type":"cond-expr","locations":[{"start":{"line":68,"column":13},"end":{"line":68,"column":15}},{"start":{"line":68,"column":4},"end":{"line":72,"column":6}}]},"14":{"loc":{"start":{"line":68,"column":4},"end":{"line":68,"column":15}},"type":"binary-expr","locations":[{"start":{"line":68,"column":4},"end":{"line":68,"column":15}},{"start":{"line":68,"column":4},"end":{"line":68,"column":15}}]},"15":{"loc":{"start":{"line":69,"column":6},"end":{"line":71,"column":null}},"type":"if","locations":[{"start":{"line":69,"column":6},"end":{"line":71,"column":null}}]},"16":{"loc":{"start":{"line":74,"column":4},"end":{"line":80,"column":null}},"type":"cond-expr","locations":[{"start":{"line":74,"column":13},"end":{"line":74,"column":15}},{"start":{"line":74,"column":4},"end":{"line":80,"column":null}}]},"17":{"loc":{"start":{"line":74,"column":4},"end":{"line":74,"column":15}},"type":"binary-expr","locations":[{"start":{"line":74,"column":4},"end":{"line":74,"column":15}},{"start":{"line":74,"column":4},"end":{"line":74,"column":15}}]},"18":{"loc":{"start":{"line":77,"column":8},"end":{"line":79,"column":null}},"type":"if","locations":[{"start":{"line":77,"column":8},"end":{"line":79,"column":null}}]},"19":{"loc":{"start":{"line":95,"column":2},"end":{"line":97,"column":null}},"type":"if","locations":[{"start":{"line":95,"column":2},"end":{"line":97,"column":null}}]}},"s":{"0":2,"1":2,"2":2,"3":0,"4":0,"5":0,"6":2,"7":2,"8":0,"9":0,"10":0,"11":2,"12":2,"13":0,"14":0,"15":0,"16":0,"17":0,"18":0,"19":0,"20":0,"21":0,"22":0,"23":0,"24":0,"25":0,"26":0,"27":0,"28":2,"29":2,"30":0,"31":0,"32":0,"33":0,"34":0,"35":0,"36":0,"37":0,"38":0,"39":0,"40":0,"41":0,"42":0,"43":0,"44":0,"45":0,"46":0,"47":0,"48":0,"49":2,"50":2,"51":0,"52":0,"53":0,"54":0,"55":0,"56":0,"57":2},"f":{"0":0,"1":0,"2":0,"3":0,"4":0,"5":0,"6":0,"7":0,"8":0,"9":0,"10":0,"11":0,"12":0,"13":0},"b":{"0":[0],"1":[0,0],"2":[0,0],"3":[0,0],"4":[0,0],"5":[0],"6":[0,0],"7":[0,0],"8":[0],"9":[0],"10":[0],"11":[0,0],"12":[0,0],"13":[0,0],"14":[0,0],"15":[0],"16":[0,0],"17":[0,0],"18":[0],"19":[0]}}
,"C:\\Users\\saeidtf\\Desktop\\shop-api-typescript\\src\\controllers\\index.ts": {"path":"C:\\Users\\saeidtf\\Desktop\\shop-api-typescript\\src\\controllers\\index.ts","statementMap":{"0":{"start":{"line":1,"column":0},"end":{"line":1,"column":33}},"1":{"start":{"line":2,"column":0},"end":{"line":2,"column":38}},"2":{"start":{"line":3,"column":0},"end":{"line":3,"column":37}},"3":{"start":{"line":4,"column":0},"end":{"line":4,"column":33}},"4":{"start":{"line":5,"column":0},"end":{"line":5,"column":36}},"5":{"start":{"line":6,"column":0},"end":{"line":6,"column":37}},"6":{"start":{"line":7,"column":0},"end":{"line":7,"column":36}},"7":{"start":{"line":8,"column":0},"end":{"line":8,"column":34}},"8":{"start":{"line":9,"column":0},"end":{"line":9,"column":33}},"9":{"start":{"line":10,"column":0},"end":{"line":10,"column":34}}},"fnMap":{},"branchMap":{},"s":{"0":2,"1":2,"2":2,"3":2,"4":2,"5":2,"6":2,"7":2,"8":2,"9":2},"f":{},"b":{}}
,"C:\\Users\\saeidtf\\Desktop\\shop-api-typescript\\src\\controllers\\maker.controller.ts": {"path":"C:\\Users\\saeidtf\\Desktop\\shop-api-typescript\\src\\controllers\\maker.controller.ts","statementMap":{"0":{"start":{"line":2,"column":0},"end":{"line":2,"column":40}},"1":{"start":{"line":3,"column":0},"end":{"line":3,"column":74}},"2":{"start":{"line":4,"column":0},"end":{"line":4,"column":48}},"3":{"start":{"line":6,"column":25},"end":{"line":14,"column":2}},"4":{"start":{"line":6,"column":63},"end":{"line":14,"column":2}},"5":{"start":{"line":7,"column":17},"end":{"line":12,"column":4}},"6":{"start":{"line":13,"column":2},"end":{"line":13,"column":38}},"7":{"start":{"line":6,"column":13},"end":{"line":6,"column":25}},"8":{"start":{"line":16,"column":24},"end":{"line":23,"column":2}},"9":{"start":{"line":16,"column":62},"end":{"line":23,"column":2}},"10":{"start":{"line":17,"column":16},"end":{"line":21,"column":4}},"11":{"start":{"line":22,"column":2},"end":{"line":22,"column":37}},"12":{"start":{"line":16,"column":13},"end":{"line":16,"column":24}},"13":{"start":{"line":25,"column":27},"end":{"line":58,"column":2}},"14":{"start":{"line":25,"column":65},"end":{"line":58,"column":2}},"15":{"start":{"line":27,"column":4},"end":{"line":27,"column":12}},"16":{"start":{"line":29,"column":16},"end":{"line":29,"column":25}},"17":{"start":{"line":30,"column":2},"end":{"line":47,"column":null}},"18":{"start":{"line":31,"column":22},"end":{"line":31,"column":41}},"19":{"start":{"line":32,"column":21},"end":{"line":32,"column":39}},"20":{"start":{"line":33,"column":4},"end":{"line":33,"column":27}},"21":{"start":{"line":34,"column":4},"end":{"line":34,"column":25}},"22":{"start":{"line":36,"column":4},"end":{"line":40,"column":7}},"23":{"start":{"line":37,"column":6},"end":{"line":39,"column":null}},"24":{"start":{"line":38,"column":8},"end":{"line":38,"column":25}},"25":{"start":{"line":42,"column":4},"end":{"line":46,"column":7}},"26":{"start":{"line":43,"column":6},"end":{"line":45,"column":null}},"27":{"start":{"line":44,"column":8},"end":{"line":44,"column":25}},"28":{"start":{"line":49,"column":16},"end":{"line":56,"column":4}},"29":{"start":{"line":57,"column":2},"end":{"line":57,"column":54}},"30":{"start":{"line":25,"column":13},"end":{"line":25,"column":27}},"31":{"start":{"line":60,"column":27},"end":{"line":97,"column":2}},"32":{"start":{"line":60,"column":65},"end":{"line":97,"column":2}},"33":{"start":{"line":61,"column":17},"end":{"line":61,"column":27}},"34":{"start":{"line":63,"column":4},"end":{"line":63,"column":12}},"35":{"start":{"line":64,"column":16},"end":{"line":64,"column":40}},"36":{"start":{"line":65,"column":2},"end":{"line":67,"column":null}},"37":{"start":{"line":66,"column":4},"end":{"line":66,"column":50}},"38":{"start":{"line":69,"column":16},"end":{"line":69,"column":25}},"39":{"start":{"line":70,"column":2},"end":{"line":87,"column":null}},"40":{"start":{"line":71,"column":22},"end":{"line":71,"column":41}},"41":{"start":{"line":72,"column":21},"end":{"line":72,"column":39}},"42":{"start":{"line":73,"column":4},"end":{"line":73,"column":27}},"43":{"start":{"line":74,"column":4},"end":{"line":74,"column":25}},"44":{"start":{"line":76,"column":4},"end":{"line":80,"column":7}},"45":{"start":{"line":77,"column":6},"end":{"line":79,"column":null}},"46":{"start":{"line":78,"column":8},"end":{"line":78,"column":25}},"47":{"start":{"line":82,"column":4},"end":{"line":86,"column":7}},"48":{"start":{"line":83,"column":6},"end":{"line":85,"column":null}},"49":{"start":{"line":84,"column":8},"end":{"line":84,"column":25}},"50":{"start":{"line":89,"column":2},"end":{"line":89,"column":20}},"51":{"start":{"line":90,"column":2},"end":{"line":90,"column":22}},"52":{"start":{"line":91,"column":2},"end":{"line":91,"column":20}},"53":{"start":{"line":92,"column":2},"end":{"line":92,"column":36}},"54":{"start":{"line":93,"column":2},"end":{"line":93,"column":42}},"55":{"start":{"line":94,"column":2},"end":{"line":94,"column":30}},"56":{"start":{"line":95,"column":2},"end":{"line":95,"column":21}},"57":{"start":{"line":96,"column":2},"end":{"line":96,"column":54}},"58":{"start":{"line":60,"column":13},"end":{"line":60,"column":27}},"59":{"start":{"line":99,"column":27},"end":{"line":112,"column":2}},"60":{"start":{"line":99,"column":65},"end":{"line":112,"column":2}},"61":{"start":{"line":100,"column":17},"end":{"line":100,"column":27}},"62":{"start":{"line":101,"column":16},"end":{"line":101,"column":40}},"63":{"start":{"line":102,"column":2},"end":{"line":104,"column":null}},"64":{"start":{"line":103,"column":4},"end":{"line":103,"column":50}},"65":{"start":{"line":105,"column":22},"end":{"line":105,"column":53}},"66":{"start":{"line":106,"column":2},"end":{"line":108,"column":null}},"67":{"start":{"line":107,"column":4},"end":{"line":107,"column":51}},"68":{"start":{"line":110,"column":2},"end":{"line":110,"column":24}},"69":{"start":{"line":111,"column":2},"end":{"line":111,"column":53}},"70":{"start":{"line":99,"column":13},"end":{"line":99,"column":27}},"71":{"start":{"line":114,"column":30},"end":{"line":122,"column":2}},"72":{"start":{"line":114,"column":68},"end":{"line":122,"column":2}},"73":{"start":{"line":115,"column":22},"end":{"line":120,"column":4}},"74":{"start":{"line":121,"column":2},"end":{"line":121,"column":43}},"75":{"start":{"line":114,"column":13},"end":{"line":114,"column":30}},"76":{"start":{"line":124,"column":29},"end":{"line":131,"column":2}},"77":{"start":{"line":124,"column":67},"end":{"line":131,"column":2}},"78":{"start":{"line":125,"column":21},"end":{"line":129,"column":4}},"79":{"start":{"line":130,"column":2},"end":{"line":130,"column":42}},"80":{"start":{"line":124,"column":13},"end":{"line":124,"column":29}},"81":{"start":{"line":133,"column":32},"end":{"line":160,"column":2}},"82":{"start":{"line":133,"column":70},"end":{"line":160,"column":2}},"83":{"start":{"line":134,"column":47},"end":{"line":134,"column":55}},"84":{"start":{"line":136,"column":16},"end":{"line":136,"column":45}},"85":{"start":{"line":137,"column":2},"end":{"line":139,"column":null}},"86":{"start":{"line":138,"column":4},"end":{"line":138,"column":50}},"87":{"start":{"line":141,"column":16},"end":{"line":141,"column":25}},"88":{"start":{"line":142,"column":2},"end":{"line":151,"column":null}},"89":{"start":{"line":143,"column":22},"end":{"line":143,"column":41}},"90":{"start":{"line":144,"column":4},"end":{"line":144,"column":27}},"91":{"start":{"line":146,"column":4},"end":{"line":150,"column":7}},"92":{"start":{"line":147,"column":6},"end":{"line":149,"column":null}},"93":{"start":{"line":148,"column":8},"end":{"line":148,"column":25}},"94":{"start":{"line":153,"column":21},"end":{"line":158,"column":4}},"95":{"start":{"line":159,"column":2},"end":{"line":159,"column":65}},"96":{"start":{"line":133,"column":13},"end":{"line":133,"column":32}},"97":{"start":{"line":162,"column":32},"end":{"line":193,"column":2}},"98":{"start":{"line":162,"column":70},"end":{"line":193,"column":2}},"99":{"start":{"line":163,"column":17},"end":{"line":163,"column":27}},"100":{"start":{"line":164,"column":47},"end":{"line":164,"column":55}},"101":{"start":{"line":165,"column":21},"end":{"line":165,"column":50}},"102":{"start":{"line":166,"column":2},"end":{"line":168,"column":null}},"103":{"start":{"line":167,"column":4},"end":{"line":167,"column":56}},"104":{"start":{"line":170,"column":16},"end":{"line":170,"column":45}},"105":{"start":{"line":171,"column":2},"end":{"line":173,"column":null}},"106":{"start":{"line":172,"column":4},"end":{"line":172,"column":50}},"107":{"start":{"line":175,"column":16},"end":{"line":175,"column":25}},"108":{"start":{"line":176,"column":2},"end":{"line":185,"column":null}},"109":{"start":{"line":177,"column":22},"end":{"line":177,"column":41}},"110":{"start":{"line":178,"column":4},"end":{"line":178,"column":27}},"111":{"start":{"line":180,"column":4},"end":{"line":184,"column":7}},"112":{"start":{"line":181,"column":6},"end":{"line":183,"column":null}},"113":{"start":{"line":182,"column":8},"end":{"line":182,"column":25}},"114":{"start":{"line":187,"column":2},"end":{"line":187,"column":25}},"115":{"start":{"line":188,"column":2},"end":{"line":188,"column":27}},"116":{"start":{"line":189,"column":2},"end":{"line":189,"column":41}},"117":{"start":{"line":190,"column":2},"end":{"line":190,"column":31}},"118":{"start":{"line":191,"column":2},"end":{"line":191,"column":26}},"119":{"start":{"line":192,"column":2},"end":{"line":192,"column":65}},"120":{"start":{"line":162,"column":13},"end":{"line":162,"column":32}},"121":{"start":{"line":195,"column":32},"end":{"line":203,"column":2}},"122":{"start":{"line":195,"column":70},"end":{"line":203,"column":2}},"123":{"start":{"line":196,"column":17},"end":{"line":196,"column":27}},"124":{"start":{"line":197,"column":21},"end":{"line":197,"column":50}},"125":{"start":{"line":198,"column":2},"end":{"line":200,"column":null}},"126":{"start":{"line":199,"column":4},"end":{"line":199,"column":56}},"127":{"start":{"line":201,"column":2},"end":{"line":201,"column":29}},"128":{"start":{"line":202,"column":2},"end":{"line":202,"column":59}},"129":{"start":{"line":195,"column":13},"end":{"line":195,"column":32}},"130":{"start":{"line":205,"column":37},"end":{"line":225,"column":2}},"131":{"start":{"line":205,"column":75},"end":{"line":225,"column":2}},"132":{"start":{"line":206,"column":29},"end":{"line":223,"column":4}},"133":{"start":{"line":224,"column":2},"end":{"line":224,"column":50}},"134":{"start":{"line":205,"column":13},"end":{"line":205,"column":37}},"135":{"start":{"line":227,"column":36},"end":{"line":246,"column":2}},"136":{"start":{"line":227,"column":74},"end":{"line":246,"column":2}},"137":{"start":{"line":228,"column":28},"end":{"line":244,"column":4}},"138":{"start":{"line":245,"column":2},"end":{"line":245,"column":49}},"139":{"start":{"line":227,"column":13},"end":{"line":227,"column":36}}},"fnMap":{"0":{"name":"(anonymous_7)","decl":{"start":{"line":6,"column":25},"end":{"line":6,"column":32}},"loc":{"start":{"line":6,"column":63},"end":{"line":14,"column":2}}},"1":{"name":"(anonymous_8)","decl":{"start":{"line":6,"column":63},"end":{"line":6,"column":null}},"loc":{"start":{"line":6,"column":63},"end":{"line":14,"column":1}}},"2":{"name":"(anonymous_9)","decl":{"start":{"line":16,"column":24},"end":{"line":16,"column":31}},"loc":{"start":{"line":16,"column":62},"end":{"line":23,"column":2}}},"3":{"name":"(anonymous_10)","decl":{"start":{"line":16,"column":62},"end":{"line":16,"column":null}},"loc":{"start":{"line":16,"column":62},"end":{"line":23,"column":1}}},"4":{"name":"(anonymous_11)","decl":{"start":{"line":25,"column":27},"end":{"line":25,"column":34}},"loc":{"start":{"line":25,"column":65},"end":{"line":58,"column":2}}},"5":{"name":"(anonymous_12)","decl":{"start":{"line":25,"column":65},"end":{"line":25,"column":null}},"loc":{"start":{"line":25,"column":65},"end":{"line":58,"column":1}}},"6":{"name":"(anonymous_13)","decl":{"start":{"line":36,"column":51},"end":{"line":36,"column":52}},"loc":{"start":{"line":36,"column":64},"end":{"line":40,"column":5}}},"7":{"name":"(anonymous_14)","decl":{"start":{"line":42,"column":54},"end":{"line":42,"column":55}},"loc":{"start":{"line":42,"column":67},"end":{"line":46,"column":5}}},"8":{"name":"(anonymous_15)","decl":{"start":{"line":60,"column":27},"end":{"line":60,"column":34}},"loc":{"start":{"line":60,"column":65},"end":{"line":97,"column":2}}},"9":{"name":"(anonymous_16)","decl":{"start":{"line":60,"column":65},"end":{"line":60,"column":null}},"loc":{"start":{"line":60,"column":65},"end":{"line":97,"column":1}}},"10":{"name":"(anonymous_17)","decl":{"start":{"line":76,"column":51},"end":{"line":76,"column":52}},"loc":{"start":{"line":76,"column":64},"end":{"line":80,"column":5}}},"11":{"name":"(anonymous_18)","decl":{"start":{"line":82,"column":54},"end":{"line":82,"column":55}},"loc":{"start":{"line":82,"column":67},"end":{"line":86,"column":5}}},"12":{"name":"(anonymous_19)","decl":{"start":{"line":99,"column":27},"end":{"line":99,"column":34}},"loc":{"start":{"line":99,"column":65},"end":{"line":112,"column":2}}},"13":{"name":"(anonymous_20)","decl":{"start":{"line":99,"column":65},"end":{"line":99,"column":null}},"loc":{"start":{"line":99,"column":65},"end":{"line":112,"column":1}}},"14":{"name":"(anonymous_21)","decl":{"start":{"line":114,"column":30},"end":{"line":114,"column":37}},"loc":{"start":{"line":114,"column":68},"end":{"line":122,"column":2}}},"15":{"name":"(anonymous_22)","decl":{"start":{"line":114,"column":68},"end":{"line":114,"column":null}},"loc":{"start":{"line":114,"column":68},"end":{"line":122,"column":1}}},"16":{"name":"(anonymous_23)","decl":{"start":{"line":124,"column":29},"end":{"line":124,"column":36}},"loc":{"start":{"line":124,"column":67},"end":{"line":131,"column":2}}},"17":{"name":"(anonymous_24)","decl":{"start":{"line":124,"column":67},"end":{"line":124,"column":null}},"loc":{"start":{"line":124,"column":67},"end":{"line":131,"column":1}}},"18":{"name":"(anonymous_25)","decl":{"start":{"line":133,"column":32},"end":{"line":133,"column":39}},"loc":{"start":{"line":133,"column":70},"end":{"line":160,"column":2}}},"19":{"name":"(anonymous_26)","decl":{"start":{"line":133,"column":70},"end":{"line":133,"column":null}},"loc":{"start":{"line":133,"column":70},"end":{"line":160,"column":1}}},"20":{"name":"(anonymous_27)","decl":{"start":{"line":146,"column":57},"end":{"line":146,"column":58}},"loc":{"start":{"line":146,"column":70},"end":{"line":150,"column":5}}},"21":{"name":"(anonymous_28)","decl":{"start":{"line":162,"column":32},"end":{"line":162,"column":39}},"loc":{"start":{"line":162,"column":70},"end":{"line":193,"column":2}}},"22":{"name":"(anonymous_29)","decl":{"start":{"line":162,"column":70},"end":{"line":162,"column":null}},"loc":{"start":{"line":162,"column":70},"end":{"line":193,"column":1}}},"23":{"name":"(anonymous_30)","decl":{"start":{"line":180,"column":57},"end":{"line":180,"column":58}},"loc":{"start":{"line":180,"column":70},"end":{"line":184,"column":
[...]
,"C:\\Users\\saeidtf\\Desktop\\shop-api-typescript\\src\\models\\Slider.ts": {"path":"C:\\Users\\saeidtf\\Desktop\\shop-api-typescript\\src\\models\\Slider.ts","statementMap":{"0":{"start":{"line":1,"column":0},"end":{"line":1,"column":60}},"1":{"start":{"line":4,"column":7},"end":{"line":16,"column":null}},"2":{"start":{"line":6,"column":2},"end":{"line":6,"column":null}},"3":{"start":{"line":7,"column":2},"end":{"line":7,"column":null}},"4":{"start":{"line":8,"column":2},"end":{"line":8,"column":null}},"5":{"start":{"line":9,"column":2},"end":{"line":9,"column":null}},"6":{"start":{"line":10,"column":2},"end":{"line":10,"column":null}},"7":{"start":{"line":11,"column":2},"end":{"line":11,"column":null}},"8":{"start":{"line":12,"column":2},"end":{"line":12,"column":null}},"9":{"start":{"line":13,"column":2},"end":{"line":13,"column":null}},"10":{"start":{"line":14,"column":2},"end":{"line":14,"column":null}},"11":{"start":{"line":4,"column":13},"end":{"line":16,"column":null}},"12":{"start":{"line":4,"column":13},"end":{"line":4,"column":19}}},"fnMap":{},"branchMap":{},"s":{"0":2,"1":2,"2":2,"3":2,"4":2,"5":2,"6":2,"7":2,"8":2,"9":2,"10":2,"11":2,"12":2},"f":{},"b":{}}
,"C:\\Users\\saeidtf\\Desktop\\shop-api-typescript\\src\\models\\SpecificationAttribute.ts": {"path":"C:\\Users\\saeidtf\\Desktop\\shop-api-typescript\\src\\models\\SpecificationAttribute.ts","statementMap":{"0":{"start":{"line":1,"column":0},"end":{"line":1,"column":69}},"1":{"start":{"line":2,"column":0},"end":{"line":2,"column":78}},"2":{"start":{"line":5,"column":7},"end":{"line":11,"column":null}},"3":{"start":{"line":6,"column":2},"end":{"line":6,"column":null}},"4":{"start":{"line":7,"column":2},"end":{"line":7,"column":null}},"5":{"start":{"line":9,"column":2},"end":{"line":10,"column":null}},"6":{"start":{"line":9,"column":17},"end":{"line":9,"column":45}},"7":{"start":{"line":5,"column":13},"end":{"line":11,"column":null}},"8":{"start":{"line":5,"column":13},"end":{"line":5,"column":35}}},"fnMap":{"0":{"name":"(anonymous_2)","decl":{"start":{"line":9,"column":11},"end":{"line":9,"column":14}},"loc":{"start":{"line":9,"column":17},"end":{"line":9,"column":45}}}},"branchMap":{},"s":{"0":2,"1":2,"2":2,"3":2,"4":2,"5":2,"6":0,"7":2,"8":2},"f":{"0":0},"b":{}}
,"C:\\Users\\saeidtf\\Desktop\\shop-api-typescript\\src\\models\\SpecificationAttributeOption.ts": {"path":"C:\\Users\\saeidtf\\Desktop\\shop-api-typescript\\src\\models\\SpecificationAttributeOption.ts","statementMap":{"0":{"start":{"line":1,"column":0},"end":{"line":1,"column":86}},"1":{"start":{"line":2,"column":0},"end":{"line":2,"column":36}},"2":{"start":{"line":3,"column":0},"end":{"line":3,"column":66}},"3":{"start":{"line":4,"column":0},"end":{"line":4,"column":66}},"4":{"start":{"line":7,"column":7},"end":{"line":19,"column":null}},"5":{"start":{"line":8,"column":2},"end":{"line":8,"column":null}},"6":{"start":{"line":9,"column":2},"end":{"line":9,"column":null}},"7":{"start":{"line":10,"column":2},"end":{"line":10,"column":null}},"8":{"start":{"line":12,"column":2},"end":{"line":13,"column":null}},"9":{"start":{"line":12,"column":19},"end":{"line":12,"column":41}},"10":{"start":{"line":15,"column":2},"end":{"line":16,"column":null}},"11":{"start":{"line":15,"column":23},"end":{"line":15,"column":30}},"12":{"start":{"line":15,"column":38},"end":{"line":15,"column":60}},"13":{"start":{"line":7,"column":13},"end":{"line":19,"column":null}},"14":{"start":{"line":7,"column":13},"end":{"line":7,"column":41}}},"fnMap":{"0":{"name":"(anonymous_2)","decl":{"start":{"line":12,"column":13},"end":{"line":12,"column":16}},"loc":{"start":{"line":12,"column":19},"end":{"line":12,"column":41}}},"1":{"name":"(anonymous_3)","decl":{"start":{"line":15,"column":17},"end":{"line":15,"column":20}},"loc":{"start":{"line":15,"column":23},"end":{"line":15,"column":30}}},"2":{"name":"(anonymous_4)","decl":{"start":{"line":15,"column":32},"end":{"line":15,"column":35}},"loc":{"start":{"line":15,"column":38},"end":{"line":15,"column":60}}}},"branchMap":{},"s":{"0":2,"1":2,"2":2,"3":2,"4":2,"5":2,"6":2,"7":2,"8":2,"9":0,"10":2,"11":0,"12":0,"13":2,"14":2},"f":{"0":0,"1":0,"2":0},"b":{}}
,"C:\\Users\\saeidtf\\Desktop\\shop-api-typescript\\src\\models\\Tag.ts": {"path":"C:\\Users\\saeidtf\\Desktop\\shop-api-typescript\\src\\models\\Tag.ts","statementMap":{"0":{"start":{"line":1,"column":0},"end":{"line":1,"column":83}},"1":{"start":{"line":2,"column":0},"end":{"line":2,"column":36}},"2":{"start":{"line":3,"column":0},"end":{"line":3,"column":42}},"3":{"start":{"line":6,"column":7},"end":{"line":15,"column":null}},"4":{"start":{"line":8,"column":2},"end":{"line":9,"column":null}},"5":{"start":{"line":11,"column":2},"end":{"line":12,"column":null}},"6":{"start":{"line":11,"column":23},"end":{"line":11,"column":30}},"7":{"start":{"line":11,"column":38},"end":{"line":11,"column":48}},"8":{"start":{"line":6,"column":13},"end":{"line":15,"column":null}},"9":{"start":{"line":6,"column":13},"end":{"line":6,"column":16}}},"fnMap":{"0":{"name":"(anonymous_2)","decl":{"start":{"line":11,"column":17},"end":{"line":11,"column":20}},"loc":{"start":{"line":11,"column":23},"end":{"line":11,"column":30}}},"1":{"name":"(anonymous_3)","decl":{"start":{"line":11,"column":32},"end":{"line":11,"column":35}},"loc":{"start":{"line":11,"column":38},"end":{"line":11,"column":48}}}},"branchMap":{},"s":{"0":2,"1":2,"2":2,"3":2,"4":2,"5":2,"6":0,"7":0,"8":2,"9":2},"f":{"0":0,"1":0},"b":{}}
,"C:\\Users\\saeidtf\\Desktop\\shop-api-typescript\\src\\models\\TaxCategory.ts": {"path":"C:\\Users\\saeidtf\\Desktop\\shop-api-typescript\\src\\models\\TaxCategory.ts","statementMap":{"0":{"start":{"line":1,"column":0},"end":{"line":1,"column":60}},"1":{"start":{"line":4,"column":7},"end":{"line":11,"column":null}},"2":{"start":{"line":6,"column":2},"end":{"line":6,"column":null}},"3":{"start":{"line":7,"column":2},"end":{"line":7,"column":null}},"4":{"start":{"line":8,"column":2},"end":{"line":8,"column":null}},"5":{"start":{"line":4,"column":13},"end":{"line":11,"column":null}},"6":{"start":{"line":4,"column":13},"end":{"line":4,"column":24}}},"fnMap":{},"branchMap":{},"s":{"0":2,"1":2,"2":2,"3":2,"4":2,"5":2,"6":2},"f":{},"b":{}}
,"C:\\Users\\saeidtf\\Desktop\\shop-api-typescript\\src\\models\\Ticket.ts": {"path":"C:\\Users\\saeidtf\\Desktop\\shop-api-typescript\\src\\models\\Ticket.ts","statementMap":{"0":{"start":{"line":1,"column":0},"end":{"line":1,"column":69}},"1":{"start":{"line":4,"column":7},"end":{"line":18,"column":null}},"2":{"start":{"line":7,"column":2},"end":{"line":7,"column":null}},"3":{"start":{"line":8,"column":2},"end":{"line":8,"column":null}},"4":{"start":{"line":9,"column":2},"end":{"line":9,"column":null}},"5":{"start":{"line":10,"column":2},"end":{"line":10,"column":null}},"6":{"start":{"line":11,"column":2},"end":{"line":11,"column":null}},"7":{"start":{"line":12,"column":2},"end":{"line":12,"column":null}},"8":{"start":{"line":13,"column":2},"end":{"line":13,"column":null}},"9":{"start":{"line":15,"column":2},"end":{"line":16,"column":null}},"10":{"start":{"line":4,"column":13},"end":{"line":18,"column":null}},"11":{"start":{"line":4,"column":13},"end":{"line":4,"column":19}}},"fnMap":{},"branchMap":{},"s":{"0":2,"1":2,"2":2,"3":2,"4":2,"5":2,"6":2,"7":2,"8":2,"9":2,"10":2,"11":2},"f":{},"b":{}}
,"C:\\Users\\saeidtf\\Desktop\\shop-api-typescript\\src\\models\\User.ts": {"path":"C:\\Users\\saeidtf\\Desktop\\shop-api-typescript\\src\\models\\User.ts","statementMap":{"0":{"start":{"line":1,"column":0},"end":{"line":1,"column":148}},"1":{"start":{"line":2,"column":0},"end":{"line":2,"column":28}},"2":{"start":{"line":3,"column":0},"end":{"line":3,"column":36}},"3":{"start":{"line":4,"column":0},"end":{"line":4,"column":30}},"4":{"start":{"line":5,"column":0},"end":{"line":5,"column":36}},"5":{"start":{"line":6,"column":0},"end":{"line":6,"column":31}},"6":{"start":{"line":9,"column":7},"end":{"line":94,"column":null}},"7":{"start":{"line":57,"column":4},"end":{"line":59,"column":null}},"8":{"start":{"line":58,"column":6},"end":{"line":58,"column":13}},"9":{"start":{"line":60,"column":4},"end":{"line":60,"column":57}},"10":{"start":{"line":65,"column":4},"end":{"line":67,"column":null}},"11":{"start":{"line":66,"column":6},"end":{"line":66,"column":13}},"12":{"start":{"line":68,"column":4},"end":{"line":70,"column":null}},"13":{"start":{"line":69,"column":6},"end":{"line":69,"column":59}},"14":{"start":{"line":75,"column":4},"end":{"line":75,"column":23}},"15":{"start":{"line":85,"column":4},"end":{"line":85,"column":57}},"16":{"start":{"line":89,"column":4},"end":{"line":91,"column":7}},"17":{"start":{"line":10,"column":2},"end":{"line":12,"column":null}},"18":{"start":{"line":14,"column":2},"end":{"line":15,"column":null}},"19":{"start":{"line":17,"column":2},"end":{"line":18,"column":null}},"20":{"start":{"line":20,"column":2},"end":{"line":21,"column":null}},"21":{"start":{"line":23,"column":2},"end":{"line":24,"column":null}},"22":{"start":{"line":26,"column":2},"end":{"line":27,"column":null}},"23":{"start":{"line":29,"column":2},"end":{"line":30,"column":null}},"24":{"start":{"line":32,"column":2},"end":{"line":33,"column":null}},"25":{"start":{"line":35,"column":2},"end":{"line":36,"column":null}},"26":{"start":{"line":38,"column":2},"end":{"line":39,"column":null}},"27":{"start":{"line":41,"column":2},"end":{"line":41,"column":null}},"28":{"start":{"line":43,"column":2},"end":{"line":44,"column":null}},"29":{"start":{"line":46,"column":2},"end":{"line":46,"column":null}},"30":{"start":{"line":48,"column":2},"end":{"line":49,"column":null}},"31":{"start":{"line":51,"column":2},"end":{"line":52,"column":null}},"32":{"start":{"line":78,"column":2},"end":{"line":79,"column":null}},"33":{"start":{"line":78,"column":19},"end":{"line":78,"column":23}},"34":{"start":{"line":81,"column":2},"end":{"line":82,"column":null}},"35":{"start":{"line":81,"column":17},"end":{"line":81,"column":24}},"36":{"start":{"line":56,"column":15},"end":{"line":61,"column":null}},"37":{"start":{"line":64,"column":15},"end":{"line":71,"column":null}},"38":{"start":{"line":74,"column":15},"end":{"line":76,"column":null}},"39":{"start":{"line":9,"column":13},"end":{"line":94,"column":null}},"40":{"start":{"line":9,"column":13},"end":{"line":9,"column":17}}},"fnMap":{"0":{"name":"(anonymous_10)","decl":{"start":{"line":56,"column":2},"end":{"line":56,"column":8}},"loc":{"start":{"line":56,"column":38},"end":{"line":61,"column":null}}},"1":{"name":"(anonymous_12)","decl":{"start":{"line":64,"column":2},"end":{"line":64,"column":8}},"loc":{"start":{"line":64,"column":44},"end":{"line":71,"column":null}}},"2":{"name":"(anonymous_14)","decl":{"start":{"line":74,"column":2},"end":{"line":74,"column":8}},"loc":{"start":{"line":74,"column":38},"end":{"line":76,"column":null}}},"3":{"name":"(anonymous_16)","decl":{"start":{"line":84,"column":8},"end":{"line":84,"column":24}},"loc":{"start":{"line":84,"column":41},"end":{"line":86,"column":null}}},"4":{"name":"(anonymous_18)","decl":{"start":{"line":88,"column":8},"end":{"line":88,"column":21}},"loc":{"start":{"line":88,"column":21},"end":{"line":92,"column":null}}},"5":{"name":"(anonymous_20)","decl":{"start":{"line":78,"column":13},"end":{"line":78,"column":16}},"loc":{"start":{"line":78,"column":19},"end":{"line":78,"column":23}}},"6":{"name":"(anonymous_21)","decl":{"start":{"line":81,"column":11},"end":{"line":81,"column":14}},"loc":{"start":{"line":81,"column":17},"end":{"line":81,"column":24}}}},"branchMap":{"0":{"loc":{"start":{"line":57,"column":4},"end":{"line":59,"column":null}},"type":"if","locations":[{"start":{"line":57,"column":4},"end":{"line":59,"column":null}}]},"1":{"loc":{"start":{"line":65,"column":4},"end":{"line":67,"column":null}},"type":"if","locations":[{"start":{"line":65,"column":4},"end":{"line":67,"column":null}}]},"2":{"loc":{"start":{"line":68,"column":4},"end":{"line":70,"column":null}},"type":"if","locations":[{"start":{"line":68,"column":4},"end":{"line":70,"column":null}}]}},"s":{"0":2,"1":2,"2":2,"3":2,"4":2,"5":2,"6":2,"7":0,"8":0,"9":0,"10":0,"11":0,"12":0,"13":0,"14":0,"15":0,"16":0,"17":2,"18":2,"19":2,"20":2,"21":2,"22":2,"23":2,"24":2,"25":2,"26":2,"27":2,"28":2,"29":2,"30":2,"31":2,"32":2,"33":0,"34":2,"35":0,"36":2,"37":2,"38":2,"39":2,"40":2},"f":{"0":0,"1":0,"2":0,"3":0,"4":0,"5":0,"6":0},"b":{"0":[0],"1":[0],"2":[0]}}
,"C:\\Users\\saeidtf\\Desktop\\shop-api-typescript\\src\\models\\index.ts": {"path":"C:\\Users\\saeidtf\\Desktop\\shop-api-typescript\\src\\models\\index.ts","statementMap":{"0":{"start":{"line":1,"column":0},"end":{"line":1,"column":23}},"1":{"start":{"line":2,"column":0},"end":{"line":2,"column":23}},"2":{"start":{"line":3,"column":0},"end":{"line":3,"column":26}},"3":{"start":{"line":4,"column":0},"end":{"line":4,"column":27}},"4":{"start":{"line":5,"column":0},"end":{"line":5,"column":23}},"5":{"start":{"line":6,"column":0},"end":{"line":6,"column":27}},"6":{"start":{"line":7,"column":0},"end":{"line":7,"column":24}},"7":{"start":{"line":8,"column":0},"end":{"line":8,"column":26}},"8":{"start":{"line":9,"column":0},"end":{"line":9,"column":27}},"9":{"start":{"line":10,"column":0},"end":{"line":10,"column":26}},"10":{"start":{"line":11,"column":0},"end":{"line":11,"column":27}},"11":{"start":{"line":12,"column":0},"end":{"line":12,"column":39}},"12":{"start":{"line":13,"column":0},"end":{"line":13,"column":36}},"13":{"start":{"line":14,"column":0},"end":{"line":14,"column":24}},"14":{"start":{"line":15,"column":0},"end":{"line":15,"column":29}},"15":{"start":{"line":16,"column":0},"end":{"line":16,"column":23}},"16":{"start":{"line":17,"column":0},"end":{"line":17,"column":27}},"17":{"start":{"line":18,"column":0},"end":{"line":18,"column":30}},"18":{"start":{"line":19,"column":0},"end":{"line":19,"column":24}},"19":{"start":{"line":20,"column":0},"end":{"line":20,"column":28}},"20":{"start":{"line":21,"column":0},"end":{"line":21,"column":26}},"21":{"start":{"line":22,"column":0},"end":{"line":22,"column":26}},"22":{"start":{"line":23,"column":0},"end":{"line":23,"column":26}},"23":{"start":{"line":24,"column":0},"end":{"line":24,"column":31}},"24":{"start":{"line":25,"column":0},"end":{"line":25,"column":27}},"25":{"start":{"line":26,"column":0},"end":{"line":26,"column":25}},"26":{"start":{"line":27,"column":0},"end":{"line":27,"column":41}},"27":{"start":{"line":28,"column":0},"end":{"line":28,"column":47}},"28":{"start":{"line":29,"column":0},"end":{"line":29,"column":22}},"29":{"start":{"line":30,"column":0},"end":{"line":30,"column":30}},"30":{"start":{"line":31,"column":0},"end":{"line":31,"column":25}},"31":{"start":{"line":32,"column":0},"end":{"line":32,"column":33}},"32":{"start":{"line":33,"column":0},"end":{"line":33,"column":41}},"33":{"start":{"line":34,"column":0},"end":{"line":34,"column":29}},"34":{"start":{"line":35,"column":0},"end":{"line":35,"column":35}},"35":{"start":{"line":36,"column":0},"end":{"line":36,"column":34}}},"fnMap":{},"branchMap":{},"s":{"0":2,"1":2,"2":2,"3":2,"4":2,"5":2,"6":2,"7":2,"8":2,"9":2,"10":2,"11":2,"12":2,"13":2,"14":2,"15":2,"16":2,"17":2,"18":2,"19":2,"20":2,"21":2,"22":2,"23":2,"24":2,"25":2,"26":2,"27":2,"28":2,"29":2,"30":2,"31":2,"32":2,"33":2,"34":2,"35":2},"f":{},"b":{}}
,"C:\\Users\\saeidtf\\Desktop\\shop-api-typescript\\src\\routers\\index.ts": {"path":"C:\\Users\\saeidtf\\Desktop\\shop-api-typescript\\src\\routers\\index.ts","statementMap":{"0":{"start":{"line":2,"column":0},"end":{"line":2,"column":34}},"1":{"start":{"line":3,"column":0},"end":{"line":3,"column":45}},"2":{"start":{"line":5,"column":0},"end":{"line":13,"column":2}},"3":{"start":{"line":6,"column":2},"end":{"line":8,"column":5}},"4":{"start":{"line":7,"column":4},"end":{"line":7,"column":29}},"5":{"start":{"line":10,"column":2},"end":{"line":10,"column":40}},"6":{"start":{"line":12,"column":2},"end":{"line":12,"column":34}}},"fnMap":{"0":{"name":"(anonymous_0)","decl":{"start":{"line":5,"column":15},"end":{"line":5,"column":16}},"loc":{"start":{"line":5,"column":36},"end":{"line":13,"column":1}}},"1":{"name":"(anonymous_1)","decl":{"start":{"line":6,"column":15},"end":{"line":6,"column":16}},"loc":{"start":{"line":6,"column":47},"end":{"line":8,"column":3}}}},"branchMap":{},"s":{"0":2,"1":2,"2":2,"3":2,"4":1,"5":2,"6":2},"f":{"0":2,"1":1},"b":{}}
,"C:\\Users\\saeidtf\\Desktop\\shop-api-typescript\\src\\routers\\user.ts": {"path":"C:\\Users\\saeidtf\\Desktop\\shop-api-typescript\\src\\routers\\user.ts","statementMap":{"0":{"start":{"line":1,"column":0},"end":{"line":1,"column":52}},"1":{"start":{"line":2,"column":0},"end":{"line":2,"column":33}},"2":{"start":{"line":3,"column":0},"end":{"line":3,"column":38}},"3":{"start":{"line":4,"column":0},"end":{"line":4,"column":59}},"4":{"start":{"line":6,"column":26},"end":{"line":28,"column":31}},"5":{"start":{"line":6,"column":32},"end":{"line":28,"column":31}},"6":{"start":{"line":7,"column":50},"end":{"line":13,"column":4}},"7":{"start":{"line":8,"column":4},"end":{"line":8,"column":30}},"8":{"start":{"line":9,"column":18},"end":{"line":11,"column":6}},"9":{"start":{"line":12,"column":4},"end":{"line":12,"column":20}},"10":{"start":{"line":14,"column":51},"end":{"line":27,"column":4}},"11":{"start":{"line":15,"column":71},"end":{"line":15,"column":79}},"12":{"start":{"line":16,"column":22},"end":{"line":16,"column":62}},"13":{"start":{"line":17,"column":4},"end":{"line":23,"column":null}},"14":{"start":{"line":18,"column":6},"end":{"line":21,"column":9}},"15":{"start":{"line":22,"column":6},"end":{"line":22,"column":13}},"16":{"start":{"line":25,"column":17},"end":{"line":25,"column":121}},"17":{"start":{"line":26,"column":4},"end":{"line":26,"column":19}},"18":{"start":{"line":6,"column":13},"end":{"line":6,"column":26}}},"fnMap":{"0":{"name":"(anonymous_7)","decl":{"start":{"line":6,"column":26},"end":{"line":6,"column":29}},"loc":{"start":{"line":6,"column":32},"end":{"line":28,"column":31}}},"1":{"name":"(anonymous_8)","decl":{"start":{"line":7,"column":12},"end":{"line":7,"column":19}},"loc":{"start":{"line":7,"column":50},"end":{"line":13,"column":4}}},"2":{"name":"(anonymous_9)","decl":{"start":{"line":7,"column":50},"end":{"line":7,"column":null}},"loc":{"start":{"line":7,"column":50},"end":{"line":13,"column":3}}},"3":{"name":"(anonymous_10)","decl":{"start":{"line":14,"column":13},"end":{"line":14,"column":20}},"loc":{"start":{"line":14,"column":51},"end":{"line":27,"column":4}}},"4":{"name":"(anonymous_11)","decl":{"start":{"line":14,"column":51},"end":{"line":14,"column":null}},"loc":{"start":{"line":14,"column":51},"end":{"line":27,"column":3}}}},"branchMap":{"0":{"loc":{"start":{"line":17,"column":4},"end":{"line":23,"column":null}},"type":"if","locations":[{"start":{"line":17,"column":4},"end":{"line":23,"column":null}}]}},"s":{"0":2,"1":2,"2":2,"3":2,"4":2,"5":2,"6":0,"7":0,"8":0,"9":0,"10":0,"11":0,"12":0,"13":0,"14":0,"15":0,"16":0,"17":0,"18":2},"f":{"0":2,"1":0,"2":0,"3":0,"4":0},"b":{"0":[0]}}
}
