TN:
SF:src\app.ts
FN:27,(anonymous_1)
FN:31,(anonymous_2)
FNF:2
FNH:0
FNDA:0,(anonymous_1)
FNDA:0,(anonymous_2)
DA:1,2
DA:2,2
DA:3,2
DA:4,2
DA:5,2
DA:6,2
DA:7,2
DA:9,2
DA:11,2
DA:12,2
DA:13,2
DA:14,2
DA:15,2
DA:16,2
DA:17,2
DA:23,2
DA:25,2
DA:27,2
DA:28,0
DA:31,2
DA:32,0
DA:33,0
DA:36,2
LF:23
LH:20
BRF:0
BRH:0
end_of_record
TN:
SF:src\controllers\attribute.controller.ts
FN:9,(anonymous_7)
FN:9,(anonymous_8)
FN:23,(anonymous_9)
FN:23,(anonymous_10)
FN:41,(anonymous_11)
FN:41,(anonymous_12)
FN:51,(anonymous_13)
FN:51,(anonymous_14)
FN:78,(anonymous_15)
FN:78,(anonymous_16)
FN:99,(anonymous_17)
FN:99,(anonymous_18)
FN:116,(anonymous_19)
FN:116,(anonymous_20)
FN:136,(anonymous_21)
FN:136,(anonymous_22)
FNF:16
FNH:0
FNDA:0,(anonymous_7)
FNDA:0,(anonymous_8)
FNDA:0,(anonymous_9)
FNDA:0,(anonymous_10)
FNDA:0,(anonymous_11)
FNDA:0,(anonymous_12)
FNDA:0,(anonymous_13)
FNDA:0,(anonymous_14)
FNDA:0,(anonymous_15)
FNDA:0,(anonymous_16)
FNDA:0,(anonymous_17)
FNDA:0,(anonymous_18)
FNDA:0,(anonymous_19)
FNDA:0,(anonymous_20)
FNDA:0,(anonymous_21)
FNDA:0,(anonymous_22)
DA:2,2
DA:3,2
DA:4,2
DA:9,2
DA:10,0
DA:20,0
DA:23,2
DA:24,0
DA:25,0
DA:38,0
DA:41,2
DA:42,0
DA:43,0
DA:48,0
DA:51,2
DA:52,0
DA:53,0
DA:54,0
DA:55,0
DA:56,0
DA:59,0
DA:67,0
DA:68,0
DA:71,0
DA:72,0
DA:73,0
DA:75,0
DA:78,2
DA:79,0
DA:80,0
DA:81,0
DA:82,0
DA:85,0
DA:90,0
DA:91,0
DA:94,0
DA:96,0
DA:99,2
DA:100,0
DA:101,0
DA:102,0
DA:103,0
DA:104,0
DA:107,0
DA:113,0
DA:116,2
DA:117,0
DA:118,0
DA:119,0
DA:120,0
DA:121,0
DA:124,0
DA:125,0
DA:126,0
DA:129,0
DA:130,0
DA:131,0
DA:133,0
DA:136,2
DA:137,0
DA:138,0
DA:139,0
DA:140,0
DA:143,0
DA:144,0
DA:145,0
DA:148,0
DA:150,0
LF:68
LH:11
BRDA:55,0,0,0
BRDA:67,1,0,0
BRDA:81,2,0,0
BRDA:90,3,0,0
BRDA:103,4,0,0
BRDA:120,5,0,0
BRDA:125,6,0,0
BRDA:139,7,0,0
BRDA:144,8,0,0
BRF:9
BRH:0
end_of_record
TN:
SF:src\controllers\category.controller.ts
FN:6,(anonymous_7)
FN:6,(anonymous_8)
FN:20,(anonymous_9)
FN:20,(anonymous_10)
FN:35,(anonymous_11)
FN:35,(anonymous_12)
FN:58,(anonymous_13)
FN:66,(anonymous_14)
FN:92,(anonymous_15)
FN:92,(anonymous_16)
FN:132,(anonymous_17)
FN:140,(anonymous_18)
FN:165,(anonymous_19)
FN:165,(anonymous_20)
FN:178,(anonymous_21)
FN:178,(anonymous_22)
FN:208,(anonymous_23)
FN:208,(anonymous_24)
FN:221,(anonymous_25)
FN:224,(anonymous_26)
FN:237,(anonymous_27)
FN:237,(anonymous_28)
FN:267,(anonymous_29)
FN:267,(anonymous_30)
FN:280,(anonymous_31)
FN:283,(anonymous_32)
FNF:26
FNH:2
FNDA:3,(anonymous_7)
FNDA:3,(anonymous_8)
FNDA:0,(anonymous_9)
FNDA:0,(anonymous_10)
FNDA:0,(anonymous_11)
FNDA:0,(anonymous_12)
FNDA:0,(anonymous_13)
FNDA:0,(anonymous_14)
FNDA:0,(anonymous_15)
FNDA:0,(anonymous_16)
FNDA:0,(anonymous_17)
FNDA:0,(anonymous_18)
FNDA:0,(anonymous_19)
FNDA:0,(anonymous_20)
FNDA:0,(anonymous_21)
FNDA:0,(anonymous_22)
FNDA:0,(anonymous_23)
FNDA:0,(anonymous_24)
FNDA:0,(anonymous_25)
FNDA:0,(anonymous_26)
FNDA:0,(anonymous_27)
FNDA:0,(anonymous_28)
FNDA:0,(anonymous_29)
FNDA:0,(anonymous_30)
FNDA:0,(anonymous_31)
FNDA:0,(anonymous_32)
DA:2,2
DA:3,2
DA:4,2
DA:6,3
DA:7,3
DA:17,0
DA:20,2
DA:21,0
DA:22,0
DA:32,0
DA:35,2
DA:49,0
DA:51,0
DA:52,0
DA:53,0
DA:54,0
DA:55,0
DA:56,0
DA:58,0
DA:59,0
DA:60,0
DA:64,0
DA:67,0
DA:68,0
DA:74,0
DA:89,0
DA:92,2
DA:93,0
DA:107,0
DA:108,0
DA:109,0
DA:110,0
DA:113,0
DA:121,0
DA:122,0
DA:125,0
DA:126,0
DA:127,0
DA:128,0
DA:129,0
DA:130,0
DA:132,0
DA:133,0
DA:134,0
DA:138,0
DA:141,0
DA:142,0
DA:148,0
DA:149,0
DA:150,0
DA:151,0
DA:152,0
DA:153,0
DA:154,0
DA:155,0
DA:156,0
DA:157,0
DA:158,0
DA:159,0
DA:160,0
DA:162,0
DA:165,2
DA:166,0
DA:167,0
DA:168,0
DA:169,0
DA:172,0
DA:173,0
DA:175,0
DA:178,2
DA:179,0
DA:180,0
DA:205,0
DA:208,2
DA:209,0
DA:210,0
DA:211,0
DA:212,0
DA:213,0
DA:216,0
DA:218,0
DA:221,2
DA:224,0
DA:225,0
DA:226,0
DA:227,0
DA:228,0
DA:229,0
DA:232,0
DA:234,0
DA:237,2
DA:238,0
DA:239,0
DA:264,0
DA:267,2
DA:268,0
DA:269,0
DA:270,0
DA:271,0
DA:272,0
DA:275,0
DA:277,0
DA:280,2
DA:283,0
DA:284,0
DA:285,0
DA:286,0
DA:287,0
DA:288,0
DA:291,0
DA:293,0
LF:111
LH:15
BRDA:52,0,0,0
BRDA:53,1,0,0
BRDA:53,1,1,0
BRDA:53,2,0,0
BRDA:53,2,1,0
BRDA:54,3,0,0
BRDA:54,3,1,0
BRDA:54,4,0,0
BRDA:54,4,1,0
BRDA:58,5,0,0
BRDA:58,5,1,0
BRDA:58,6,0,0
BRDA:58,6,1,0
BRDA:59,7,0,0
BRDA:64,8,0,0
BRDA:64,8,1,0
BRDA:64,9,0,0
BRDA:64,9,1,0
BRDA:67,10,0,0
BRDA:109,11,0,0
BRDA:121,12,0,0
BRDA:126,13,0,0
BRDA:127,14,0,0
BRDA:127,14,1,0
BRDA:127,15,0,0
BRDA:127,15,1,0
BRDA:128,16,0,0
BRDA:128,16,1,0
BRDA:128,17,0,0
BRDA:128,17,1,0
BRDA:132,18,0,0
BRDA:132,18,1,0
BRDA:132,19,0,0
BRDA:132,19,1,0
BRDA:133,20,0,0
BRDA:138,21,0,0
BRDA:138,21,1,0
BRDA:138,22,0,0
BRDA:138,22,1,0
BRDA:141,23,0,0
BRDA:168,24,0,0
BRDA:212,25,0,0
BRDA:228,26,0,0
BRDA:271,27,0,0
BRDA:287,28,0,0
BRF:45
BRH:0
end_of_record
TN:
SF:src\controllers\city.controller.ts
FN:5,(anonymous_7)
FN:5,(anonymous_8)
FN:20,(anonymous_9)
FN:20,(anonymous_10)
FN:38,(anonymous_11)
FN:38,(anonymous_12)
FN:49,(anonymous_13)
FN:49,(anonymous_14)
FN:66,(anonymous_15)
FN:66,(anonymous_16)
FNF:10
FNH:0
FNDA:0,(anonymous_7)
FNDA:0,(anonymous_8)
FNDA:0,(anonymous_9)
FNDA:0,(anonymous_10)
FNDA:0,(anonymous_11)
FNDA:0,(anonymous_12)
FNDA:0,(anonymous_13)
FNDA:0,(anonymous_14)
FNDA:0,(anonymous_15)
FNDA:0,(anonymous_16)
DA:2,2
DA:3,2
DA:5,2
DA:6,0
DA:17,0
DA:20,2
DA:21,0
DA:22,0
DA:35,0
DA:38,2
DA:39,0
DA:41,0
DA:46,0
DA:49,2
DA:50,0
DA:51,0
DA:53,0
DA:55,0
DA:56,0
DA:59,0
DA:60,0
DA:61,0
DA:63,0
DA:66,2
DA:67,0
DA:69,0
DA:71,0
DA:72,0
DA:75,0
DA:77,0
LF:30
LH:7
BRDA:55,0,0,0
BRDA:71,1,0,0
BRF:2
BRH:0
end_of_record
TN:
SF:src\controllers\contact.controller.ts
FN:5,(anonymous_7)
FN:5,(anonymous_8)
FN:23,(anonymous_9)
FN:23,(anonymous_10)
FN:48,(anonymous_11)
FN:48,(anonymous_12)
FN:64,(anonymous_13)
FN:64,(anonymous_14)
FN:81,(anonymous_15)
FN:81,(anonymous_16)
FNF:10
FNH:0
FNDA:0,(anonymous_7)
FNDA:0,(anonymous_8)
FNDA:0,(anonymous_9)
FNDA:0,(anonymous_10)
FNDA:0,(anonymous_11)
FNDA:0,(anonymous_12)
FNDA:0,(anonymous_13)
FNDA:0,(anonymous_14)
FNDA:0,(anonymous_15)
FNDA:0,(anonymous_16)
DA:2,2
DA:3,2
DA:5,2
DA:6,0
DA:20,0
DA:23,2
DA:24,0
DA:25,0
DA:41,0
DA:42,0
DA:45,0
DA:48,2
DA:49,0
DA:50,0
DA:52,0
DA:61,0
DA:64,2
DA:65,0
DA:66,0
DA:68,0
DA:70,0
DA:71,0
DA:74,0
DA:76,0
DA:78,0
DA:81,2
DA:82,0
DA:84,0
DA:86,0
DA:87,0
DA:90,0
DA:92,0
LF:32
LH:7
BRDA:41,0,0,0
BRDA:70,1,0,0
BRDA:86,2,0,0
BRF:3
BRH:0
end_of_record
TN:
SF:src\controllers\discount.controller.ts
FN:5,(anonymous_7)
FN:5,(anonymous_8)
FN:24,(anonymous_9)
FN:24,(anonymous_10)
FN:50,(anonymous_11)
FN:50,(anonymous_12)
FN:88,(anonymous_13)
FN:88,(anonymous_14)
FN:137,(anonymous_15)
FN:137,(anonymous_16)
FNF:10
FNH:0
FNDA:0,(anonymous_7)
FNDA:0,(anonymous_8)
FNDA:0,(anonymous_9)
FNDA:0,(anonymous_10)
FNDA:0,(anonymous_11)
FNDA:0,(anonymous_12)
FNDA:0,(anonymous_13)
FNDA:0,(anonymous_14)
FNDA:0,(anonymous_15)
FNDA:0,(anonymous_16)
DA:2,2
DA:3,2
DA:5,2
DA:6,0
DA:21,0
DA:24,2
DA:25,0
DA:26,0
DA:43,0
DA:44,0
DA:47,0
DA:50,2
DA:60,0
DA:62,0
DA:63,0
DA:65,0
DA:68,0
DA:69,0
DA:70,0
DA:74,0
DA:85,0
DA:88,2
DA:89,0
DA:99,0
DA:101,0
DA:107,0
DA:108,0
DA:111,0
DA:112,0
DA:113,0
DA:117,0
DA:118,0
DA:120,0
DA:123,0
DA:134,0
DA:137,2
DA:138,0
DA:140,0
DA:146,0
DA:147,0
DA:150,0
DA:152,0
LF:42
LH:7
BRDA:43,0,0,0
BRDA:62,1,0,0
BRDA:62,1,1,0
BRDA:68,2,0,0
BRDA:69,3,0,0
BRDA:107,4,0,0
BRDA:111,5,0,0
BRDA:112,6,0,0
BRDA:117,7,0,0
BRDA:117,7,1,0
BRDA:146,8,0,0
BRF:11
BRH:0
end_of_record
TN:
SF:src\controllers\gallery.controller.ts
FN:5,(anonymous_7)
FN:5,(anonymous_8)
FN:13,(anonymous_9)
FN:13,(anonymous_10)
FN:20,(anonymous_11)
FN:20,(anonymous_12)
FN:29,(anonymous_13)
FN:37,(anonymous_14)
FN:54,(anonymous_15)
FN:54,(anonymous_16)
FN:68,(anonymous_17)
FN:76,(anonymous_18)
FN:93,(anonymous_19)
FN:93,(anonymous_20)
FNF:14
FNH:0
FNDA:0,(anonymous_7)
FNDA:0,(anonymous_8)
FNDA:0,(anonymous_9)
FNDA:0,(anonymous_10)
FNDA:0,(anonymous_11)
FNDA:0,(anonymous_12)
FNDA:0,(anonymous_13)
FNDA:0,(anonymous_14)
FNDA:0,(anonymous_15)
FNDA:0,(anonymous_16)
FNDA:0,(anonymous_17)
FNDA:0,(anonymous_18)
FNDA:0,(anonymous_19)
FNDA:0,(anonymous_20)
DA:2,2
DA:3,2
DA:5,2
DA:6,0
DA:10,0
DA:13,2
DA:14,0
DA:17,0
DA:20,2
DA:21,0
DA:23,0
DA:24,0
DA:25,0
DA:26,0
DA:27,0
DA:29,0
DA:30,0
DA:31,0
DA:35,0
DA:38,0
DA:39,0
DA:45,0
DA:51,0
DA:54,2
DA:55,0
DA:56,0
DA:57,0
DA:58,0
DA:59,0
DA:62,0
DA:63,0
DA:64,0
DA:65,0
DA:66,0
DA:68,0
DA:69,0
DA:70,0
DA:74,0
DA:77,0
DA:78,0
DA:84,0
DA:90,0
DA:93,2
DA:94,0
DA:95,0
DA:96,0
DA:98,0
DA:99,0
LF:48
LH:7
BRDA:24,0,0,0
BRDA:25,1,0,0
BRDA:25,1,1,0
BRDA:25,2,0,0
BRDA:25,2,1,0
BRDA:29,3,0,0
BRDA:29,3,1,0
BRDA:29,4,0,0
BRDA:29,4,1,0
BRDA:30,5,0,0
BRDA:35,6,0,0
BRDA:35,6,1,0
BRDA:35,7,0,0
BRDA:35,7,1,0
BRDA:38,8,0,0
BRDA:58,9,0,0
BRDA:63,10,0,0
BRDA:64,11,0,0
BRDA:64,11,1,0
BRDA:64,12,0,0
BRDA:64,12,1,0
BRDA:68,13,0,0
BRDA:68,13,1,0
BRDA:68,14,0,0
BRDA:68,14,1,0
BRDA:69,15,0,0
BRDA:74,16,0,0
BRDA:74,16,1,0
BRDA:74,17,0,0
BRDA:74,17,1,0
BRDA:77,18,0,0
BRDA:95,19,0,0
BRF:32
BRH:0
end_of_record
TN:
SF:src\controllers\index.ts
FNF:0
FNH:0
DA:1,2
DA:2,2
DA:3,2
DA:4,2
DA:5,2
DA:6,2
DA:7,2
DA:8,2
DA:9,2
DA:10,2
LF:10
LH:10
BRF:0
BRH:0
end_of_record
TN:
SF:src\controllers\maker.controller.ts
FN:6,(anonymous_7)
FN:6,(anonymous_8)
FN:16,(anonymous_9)
FN:16,(anonymous_10)
FN:25,(anonymous_11)
FN:25,(anonymous_12)
FN:36,(anonymous_13)
FN:42,(anonymous_14)
FN:60,(anonymous_15)
FN:60,(anonymous_16)
FN:76,(anonymous_17)
FN:82,(anonymous_18)
FN:99,(anonymous_19)
FN:99,(anonymous_20)
FN:114,(anonymous_21)
FN:114,(anonymous_22)
FN:124,(anonymous_23)
FN:124,(anonymous_24)
FN:133,(anonymous_25)
FN:133,(anonymous_26)
FN:146,(anonymous_27)
FN:162,(anonymous_28)
FN:162,(anonymous_29)
FN:180,(anonymous_30)
FN:195,(anonymous_31)
FN:195,(anonymous_32)
FN:205,(anonymous_33)
FN:205,(anonymous_34)
FN:227,(anonymous_35)
FN:227,(anonymous_36)
FNF:30
FNH:0
FNDA:0,(anonymous_7)
FNDA:0,(anonymous_8)
FNDA:0,(anonymous_9)
FNDA:0,(anonymous_10)
FNDA:0,(anonymous_11)
FNDA:0,(anonymous_12)
FNDA:0,(anonymous_13)
FNDA:0,(anonymous_14)
FNDA:0,(anonymous_15)
FNDA:0,(anonymous_16)
FNDA:0,(anonymous_17)
FNDA:0,(anonymous_18)
FNDA:0,(anonymous_19)
FNDA:0,(anonymous_20)
FNDA:0,(anonymous_21)
FNDA:0,(anonymous_22)
FNDA:0,(anonymous_23)
FNDA:0,(anonymous_24)
FNDA:0,(anonymous_25)
FNDA:0,(anonymous_26)
FNDA:0,(anonymous_27)
FNDA:0,(anonymous_28)
FNDA:0,(anonymous_29)
FNDA:0,(anonymous_30)
FNDA:0,(anonymous_31)
FNDA:0,(anonymous_32)
FNDA:0,(anonymous_33)
FNDA:0,(anonymous_34)
FNDA:0,(anonymous_35)
FNDA:0,(anonymous_36)
DA:2,2
DA:3,2
DA:4,2
DA:6,2
DA:7,0
DA:13,0
DA:16,2
DA:17,0
DA:22,0
DA:25,2
DA:27,0
DA:29,0
DA:30,0
DA:31,0
DA:32,0
DA:33,0
DA:34,0
DA:36,0
DA:37,0
DA:38,0
DA:42,0
DA:43,0
DA:44,0
DA:49,0
DA:57,0
DA:60,2
DA:61,0
DA:63,0
DA:64,0
DA:65,0
DA:66,0
DA:69,0
DA:70,0
DA:71,0
DA:72,0
DA:73,0
DA:74,0
DA:76,0
DA:77,0
DA:78,0
DA:82,0
DA:83,0
DA:84,0
DA:89,0
DA:90,0
DA:91,0
DA:92,0
DA:93,0
DA:94,0
DA:95,0
DA:96,0
DA:99,2
DA:100,0
DA:101,0
DA:102,0
DA:103,0
DA:105,0
DA:106,0
DA:107,0
DA:110,0
DA:111,0
DA:114,2
DA:115,0
DA:121,0
DA:124,2
DA:125,0
DA:130,0
DA:133,2
DA:134,0
DA:136,0
DA:137,0
DA:138,0
DA:141,0
DA:142,0
DA:143,0
DA:144,0
DA:146,0
DA:147,0
DA:148,0
DA:153,0
DA:159,0
DA:162,2
DA:163,0
DA:164,0
DA:165,0
DA:166,0
DA:167,0
DA:170,0
DA:171,0
DA:172,0
DA:175,0
DA:176,0
DA:177,0
DA:178,0
DA:180,0
DA:181,0
DA:182,0
DA:187,0
DA:188,0
DA:189,0
DA:190,0
DA:191,0
DA:192,0
DA:195,2
DA:196,0
DA:197,0
DA:198,0
DA:199,0
DA:201,0
DA:202,0
DA:205,2
DA:206,0
DA:224,0
DA:227,2
DA:228,0
DA:245,0
LF:116
LH:15
BRDA:30,0,0,0
BRDA:31,1,0,0
BRDA:31,1,1,0
BRDA:31,2,0,0
BRDA:31,2,1,0
BRDA:32,3,0,0
BRDA:32,3,1,0
BRDA:32,4,0,0
BRDA:32,4,1,0
BRDA:36,5,0,0
BRDA:36,5,1,0
BRDA:36,6,0,0
BRDA:36,6,1,0
BRDA:37,7,0,0
BRDA:42,8,0,0
BRDA:42,8,1,0
BRDA:42,9,0,0
BRDA:42,9,1,0
BRDA:43,10,0,0
BRDA:65,11,0,0
BRDA:70,12,0,0
BRDA:71,13,0,0
BRDA:71,13,1,0
BRDA:71,14,0,0
BRDA:71,14,1,0
BRDA:72,15,0,0
BRDA:72,15,1,0
BRDA:72,16,0,0
BRDA:72,16,1,0
BRDA:76,17,0,0
BRDA:76,17,1,0
BRDA:76,18,0,0
BRDA:76,18,1,0
BRDA:77,19,0,0
BRDA:82,20,0,0
BRDA:82,20,1,0
BRDA:82,21,0,0
BRDA:82,21,1,0
BRDA:83,22,0,0
BRDA:102,23,0,0
BRDA:106,24,0,0
BRDA:137,25,0,0
BRDA:142,26,0,0
BRDA:143,27,0,0
BRDA:143,27,1,0
BRDA:143,28,0,0
BRDA:143,28,1,0
BRDA:146,29,0,0
BRDA:146,29,1,0
BRDA:146,30,0,0
BRDA:146,30,1,0
BRDA:147,31,0,0
BRDA:166,32,0,0
BRDA:171,33,0,0
BRDA:176,34,0,0
BRDA:177,35,0,0
BRDA:177,35,1,0
BRDA:177,36,0,0
BRDA:177,36,1,0
BRDA:180,37,0,0
BRDA:180,37,1,0
BRDA:180,38,0,0
BRDA:180,38,1,0
BRDA:181,39,0,0
BRDA:198,40,0,0
BRF:65
BRH:0
end_of_record
TN:
SF:src\controllers\news.controller.ts
FN:6,(anonymous_7)
FN:6,(anonymous_8)
FN:30,(anonymous_9)
FN:30,(anonymous_10)
FN:53,(anonymous_11)
FN:53,(anonymous_12)
FN:74,(anonymous_13)
FN:98,(anonymous_14)
FN:98,(anonymous_15)
FN:120,(anonymous_16)
FN:151,(anonymous_17)
FN:151,(anonymous_18)
FN:161,(anonymous_19)
FN:161,(anonymous_20)
FN:171,(anonymous_21)
FN:171,(anonymous_22)
FN:180,(anonymous_23)
FN:180,(anonymous_24)
FN:196,(anonymous_25)
FN:215,(anonymous_26)
FN:215,(anonymous_27)
FN:232,(anonymous_28)
FN:258,(anonymous_29)
FN:258,(anonymous_30)
FN:268,(anonymous_31)
FN:268,(anonymous_32)
FN:287,(anonymous_33)
FN:287,(anonymous_34)
FN:305,(anonymous_35)
FN:305,(anonymous_36)
FN:330,(anonymous_37)
FN:330,(anonymous_38)
FN:363,(anonymous_39)
FN:363,(anonymous_40)
FN:373,(anonymous_41)
FN:376,(anonymous_42)
FNF:36
FNH:0
FNDA:0,(anonymous_7)
FNDA:0,(anonymous_8)
FNDA:0,(anonymous_9)
FNDA:0,(anonymous_10)
FNDA:0,(anonymous_11)
FNDA:0,(anonymous_12)
FNDA:0,(anonymous_13)
FNDA:0,(anonymous_14)
FNDA:0,(anonymous_15)
FNDA:0,(anonymous_16)
FNDA:0,(anonymous_17)
FNDA:0,(anonymous_18)
FNDA:0,(anonymous_19)
FNDA:0,(anonymous_20)
FNDA:0,(anonymous_21)
FNDA:0,(anonymous_22)
FNDA:0,(anonymous_23)
FNDA:0,(anonymous_24)
FNDA:0,(anonymous_25)
FNDA:0,(anonymous_26)
FNDA:0,(anonymous_27)
FNDA:0,(anonymous_28)
FNDA:0,(anonymous_29)
FNDA:0,(anonymous_30)
FNDA:0,(anonymous_31)
FNDA:0,(anonymous_32)
FNDA:0,(anonymous_33)
FNDA:0,(anonymous_34)
FNDA:0,(anonymous_35)
FNDA:0,(anonymous_36)
FNDA:0,(anonymous_37)
FNDA:0,(anonymous_38)
FNDA:0,(anonymous_39)
FNDA:0,(anonymous_40)
FNDA:0,(anonymous_41)
FNDA:0,(anonymous_42)
DA:2,2
DA:3,2
DA:4,2
DA:6,2
DA:7,0
DA:27,0
DA:30,2
DA:31,0
DA:50,0
DA:53,2
DA:67,0
DA:69,0
DA:70,0
DA:71,0
DA:72,0
DA:74,0
DA:75,0
DA:76,0
DA:81,0
DA:95,0
DA:98,2
DA:99,0
DA:113,0
DA:115,0
DA:116,0
DA:117,0
DA:118,0
DA:120,0
DA:121,0
DA:122,0
DA:127,0
DA:148,0
DA:151,2
DA:152,0
DA:153,0
DA:158,0
DA:161,2
DA:162,0
DA:168,0
DA:171,2
DA:172,0
DA:177,0
DA:180,2
DA:189,0
DA:191,0
DA:192,0
DA:193,0
DA:194,0
DA:196,0
DA:197,0
DA:198,0
DA:203,0
DA:212,0
DA:215,2
DA:216,0
DA:225,0
DA:227,0
DA:228,0
DA:229,0
DA:230,0
DA:232,0
DA:233,0
DA:234,0
DA:239,0
DA:255,0
DA:258,2
DA:259,0
DA:260,0
DA:265,0
DA:268,2
DA:269,0
DA:284,0
DA:287,2
DA:288,0
DA:302,0
DA:305,2
DA:315,0
DA:317,0
DA:327,0
DA:330,2
DA:331,0
DA:341,0
DA:343,0
DA:360,0
DA:363,2
DA:364,0
DA:365,0
DA:370,0
DA:373,2
DA:376,0
DA:377,0
DA:378,0
DA:379,0
DA:389,0
LF:94
LH:19
BRDA:70,0,0,0
BRDA:71,1,0,0
BRDA:71,1,1,0
BRDA:71,2,0,0
BRDA:71,2,1,0
BRDA:74,3,0,0
BRDA:74,3,1,0
BRDA:74,4,0,0
BRDA:74,4,1,0
BRDA:75,5,0,0
BRDA:116,6,0,0
BRDA:117,7,0,0
BRDA:117,7,1,0
BRDA:117,8,0,0
BRDA:117,8,1,0
BRDA:120,9,0,0
BRDA:120,9,1,0
BRDA:120,10,0,0
BRDA:120,10,1,0
BRDA:121,11,0,0
BRDA:192,12,0,0
BRDA:193,13,0,0
BRDA:193,13,1,0
BRDA:193,14,0,0
BRDA:193,14,1,0
BRDA:196,15,0,0
BRDA:196,15,1,0
BRDA:196,16,0,0
BRDA:196,16,1,0
BRDA:197,17,0,0
BRDA:228,18,0,0
BRDA:229,19,0,0
BRDA:229,19,1,0
BRDA:229,20,0,0
BRDA:229,20,1,0
BRDA:232,21,0,0
BRDA:232,21,1,0
BRDA:232,22,0,0
BRDA:232,22,1,0
BRDA:233,23,0,0
BRF:40
BRH:0
end_of_record
TN:
SF:src\controllers\order.controller.ts
FN:20,(anonymous_8)
FN:20,(anonymous_9)
FN:35,(anonymous_10)
FN:35,(anonymous_11)
FN:66,(anonymous_12)
FN:66,(anonymous_13)
FN:81,(anonymous_14)
FN:87,(anonymous_15)
FN:119,(anonymous_16)
FN:134,(anonymous_17)
FN:134,(anonymous_18)
FN:153,(anonymous_19)
FN:154,(anonymous_20)
FNF:13
FNH:0
FNDA:0,(anonymous_8)
FNDA:0,(anonymous_9)
FNDA:0,(anonymous_10)
FNDA:0,(anonymous_11)
FNDA:0,(anonymous_12)
FNDA:0,(anonymous_13)
FNDA:0,(anonymous_14)
FNDA:0,(anonymous_15)
FNDA:0,(anonymous_16)
FNDA:0,(anonymous_17)
FNDA:0,(anonymous_18)
FNDA:0,(anonymous_19)
FNDA:0,(anonymous_20)
DA:2,2
DA:3,2
DA:4,2
DA:15,2
DA:16,2
DA:18,2
DA:20,2
DA:21,0
DA:32,0
DA:35,2
DA:36,0
DA:37,0
DA:63,0
DA:66,2
DA:67,0
DA:74,0
DA:76,0
DA:77,0
DA:78,0
DA:79,0
DA:80,0
DA:82,0
DA:86,0
DA:88,0
DA:94,0
DA:96,0
DA:97,0
DA:117,0
DA:118,0
DA:119,0
DA:131,0
DA:134,2
DA:135,0
DA:136,0
DA:137,0
DA:138,0
DA:148,0
DA:150,0
DA:153,2
DA:154,0
DA:155,0
DA:159,0
LF:42
LH:11
BRDA:96,0,0,0
BRDA:96,0,1,0
BRDA:105,1,0,0
BRDA:105,1,1,0
BRDA:105,2,0,0
BRDA:105,2,1,0
BRF:6
BRH:0
end_of_record
TN:
SF:src\controllers\user.controller.ts
FN:6,(anonymous_7)
FN:6,(anonymous_8)
FN:17,(anonymous_9)
FN:17,(anonymous_10)
FN:37,(anonymous_11)
FN:37,(anonymous_12)
FN:97,(anonymous_13)
FN:97,(anonymous_14)
FN:115,(anonymous_15)
FN:115,(anonymous_16)
FN:137,(anonymous_17)
FN:137,(anonymous_18)
FN:162,(anonymous_19)
FN:162,(anonymous_20)
FN:193,(anonymous_21)
FN:193,(anonymous_22)
FNF:16
FNH:0
FNDA:0,(anonymous_7)
FNDA:0,(anonymous_8)
FNDA:0,(anonymous_9)
FNDA:0,(anonymous_10)
FNDA:0,(anonymous_11)
FNDA:0,(anonymous_12)
FNDA:0,(anonymous_13)
FNDA:0,(anonymous_14)
FNDA:0,(anonymous_15)
FNDA:0,(anonymous_16)
FNDA:0,(anonymous_17)
FNDA:0,(anonymous_18)
FNDA:0,(anonymous_19)
FNDA:0,(anonymous_20)
FNDA:0,(anonymous_21)
FNDA:0,(anonymous_22)
DA:2,2
DA:3,2
DA:4,2
DA:6,2
DA:7,0
DA:14,0
DA:17,2
DA:18,0
DA:20,0
DA:30,0
DA:31,0
DA:34,0
DA:37,2
DA:38,0
DA:51,0
DA:53,0
DA:59,0
DA:60,0
DA:63,0
DA:69,0
DA:70,0
DA:73,0
DA:94,0
DA:97,2
DA:98,0
DA:100,0
DA:106,0
DA:107,0
DA:110,0
DA:112,0
DA:115,2
DA:116,0
DA:118,0
DA:124,0
DA:125,0
DA:128,0
DA:129,0
DA:132,0
DA:134,0
DA:137,2
DA:139,0
DA:140,0
DA:141,0
DA:142,0
DA:145,0
DA:158,0
DA:162,2
DA:163,0
DA:165,0
DA:171,0
DA:172,0
DA:178,0
DA:179,0
DA:183,0
DA:184,0
DA:185,0
DA:189,0
DA:190,0
DA:193,2
DA:194,0
DA:196,0
DA:202,0
DA:203,0
DA:206,0
DA:207,0
DA:210,0
DA:211,0
DA:214,0
DA:216,0
LF:69
LH:11
BRDA:30,0,0,0
BRDA:59,1,0,0
BRDA:69,2,0,0
BRDA:69,3,0,0
BRDA:69,3,1,0
BRDA:106,4,0,0
BRDA:124,5,0,0
BRDA:128,6,0,0
BRDA:141,7,0,0
BRDA:171,8,0,0
BRDA:171,8,1,0
BRDA:178,9,0,0
BRDA:202,10,0,0
BRDA:206,11,0,0
BRDA:210,12,0,0
BRF:15
BRH:0
end_of_record
TN:
SF:src\lib\helpers\discount.ts
FN:6,(anonymous_8)
FN:6,(anonymous_9)
FN:15,(anonymous_10)
FNF:3
FNH:0
FNDA:0,(anonymous_8)
FNDA:0,(anonymous_9)
FNDA:0,(anonymous_10)
DA:1,2
DA:2,2
DA:3,2
DA:6,2
DA:7,0
DA:15,0
DA:16,0
DA:17,0
DA:18,0
DA:19,0
DA:21,0
LF:11
LH:4
BRDA:16,0,0,0
BRDA:16,0,1,0
BRDA:18,1,0,0
BRDA:18,1,1,0
BRF:4
BRH:0
end_of_record
TN:
SF:src\lib\helpers\product.ts
FN:5,(anonymous_7)
FN:5,(anonymous_8)
FN:8,(anonymous_9)
FN:20,(anonymous_10)
FN:21,(anonymous_11)
FNF:5
FNH:0
FNDA:0,(anonymous_7)
FNDA:0,(anonymous_8)
FNDA:0,(anonymous_9)
FNDA:0,(anonymous_10)
FNDA:0,(anonymous_11)
DA:2,2
DA:5,2
DA:6,0
DA:8,0
DA:20,0
DA:21,0
DA:22,0
DA:32,0
LF:8
LH:2
BRDA:23,0,0,0
BRDA:23,0,1,0
BRDA:23,0,2,0
BRDA:23,0,3,0
BRDA:23,0,4,0
BRDA:23,0,5,0
BRF:6
BRH:0
end_of_record
TN:
SF:src\lib\helpers\response.ts
FN:3,(anonymous_0)
FN:15,(anonymous_1)
FNF:2
FNH:0
FNDA:0,(anonymous_0)
FNDA:0,(anonymous_1)
DA:3,2
DA:8,0
DA:15,2
DA:20,0
LF:4
LH:2
BRDA:18,0,0,0
BRF:1
BRH:0
end_of_record
TN:
SF:src\models\Address.ts
FN:25,(anonymous_2)
FN:28,(anonymous_3)
FNF:2
FNH:0
FNDA:0,(anonymous_2)
FNDA:0,(anonymous_3)
DA:1,2
DA:2,2
DA:3,2
DA:6,2
DA:8,2
DA:11,2
DA:14,2
DA:17,2
DA:20,2
DA:22,2
DA:25,2
DA:28,2
LF:12
LH:12
BRF:0
BRH:0
end_of_record
TN:
SF:src\models\Category.ts
FN:35,(anonymous_2)
FN:35,(anonymous_3)
FN:38,(anonymous_4)
FNF:3
FNH:0
FNDA:0,(anonymous_2)
FNDA:0,(anonymous_3)
FNDA:0,(anonymous_4)
DA:1,2
DA:2,2
DA:3,2
DA:4,2
DA:7,2
DA:9,2
DA:12,2
DA:14,2
DA:15,2
DA:16,2
DA:18,2
DA:21,2
DA:23,2
DA:26,2
DA:27,2
DA:28,2
DA:30,2
DA:33,2
DA:35,2
DA:38,2
LF:20
LH:20
BRF:0
BRH:0
end_of_record
TN:
SF:src\models\CategoryDiscount.ts
FN:7,(anonymous_2)
FN:11,(anonymous_3)
FNF:2
FNH:0
FNDA:0,(anonymous_2)
FNDA:0,(anonymous_3)
DA:1,2
DA:2,2
DA:3,2
DA:6,2
DA:7,2
DA:11,2
LF:6
LH:6
BRF:0
BRH:0
end_of_record
TN:
SF:src\models\City.ts
FN:13,(anonymous_2)
FN:16,(anonymous_3)
FNF:2
FNH:0
FNDA:0,(anonymous_2)
FNDA:0,(anonymous_3)
DA:1,2
DA:2,2
DA:3,2
DA:6,2
DA:8,2
DA:11,2
DA:13,2
DA:16,2
LF:8
LH:8
BRF:0
BRH:0
end_of_record
TN:
SF:src\models\Color.ts
FN:30,(anonymous_2)
FNF:1
FNH:0
FNDA:0,(anonymous_2)
DA:1,2
DA:2,2
DA:5,2
DA:7,2
DA:10,2
DA:13,2
DA:16,2
DA:19,2
DA:22,2
DA:24,2
DA:27,2
DA:30,2
LF:12
LH:12
BRF:0
BRH:0
end_of_record
TN:
SF:src\models\Contact.ts
FNF:0
FNH:0
DA:1,2
DA:4,2
DA:6,2
DA:9,2
DA:12,2
DA:15,2
DA:18,2
DA:21,2
DA:24,2
LF:9
LH:9
BRF:0
BRH:0
end_of_record
TN:
SF:src\models\Discount.ts
FN:20,(anonymous_2)
FN:20,(anonymous_3)
FN:23,(anonymous_4)
FN:23,(anonymous_5)
FNF:4
FNH:0
FNDA:0,(anonymous_2)
FNDA:0,(anonymous_3)
FNDA:0,(anonymous_4)
FNDA:0,(anonymous_5)
DA:1,2
DA:2,2
DA:3,2
DA:4,2
DA:5,2
DA:8,2
DA:10,2
DA:11,2
DA:12,2
DA:13,2
DA:14,2
DA:15,2
DA:16,2
DA:17,2
DA:20,2
DA:23,2
LF:16
LH:16
BRF:0
BRH:0
end_of_record
TN:
SF:src\models\Gallery.ts
FNF:0
FNH:0
DA:1,2
DA:4,2
DA:6,2
DA:7,2
DA:8,2
DA:10,2
DA:13,2
DA:16,2
LF:8
LH:8
BRF:0
BRH:0
end_of_record
TN:
SF:src\models\Language.ts
FNF:0
FNH:0
DA:1,2
DA:4,2
DA:6,2
DA:9,2
DA:12,2
DA:15,2
DA:18,2
DA:21,2
LF:8
LH:8
BRF:0
BRH:0
end_of_record
TN:
SF:src\models\LocaleStringResource.ts
FN:12,(anonymous_2)
FNF:1
FNH:0
FNDA:0,(anonymous_2)
DA:1,2
DA:2,2
DA:5,2
DA:7,2
DA:8,2
DA:9,2
DA:12,2
LF:7
LH:7
BRF:0
BRH:0
end_of_record
TN:
SF:src\models\LocalizedProperty.ts
FN:15,(anonymous_2)
FNF:1
FNH:0
FNDA:0,(anonymous_2)
DA:1,2
DA:2,2
DA:5,2
DA:7,2
DA:8,2
DA:9,2
DA:10,2
DA:11,2
DA:15,2
LF:9
LH:9
BRF:0
BRH:0
end_of_record
TN:
SF:src\models\Maker.ts
FN:35,(anonymous_2)
FNF:1
FNH:0
FNDA:0,(anonymous_2)
DA:1,2
DA:2,2
DA:5,2
DA:7,2
DA:10,2
DA:13,2
DA:16,2
DA:19,2
DA:20,2
DA:21,2
DA:23,2
DA:26,2
DA:29,2
DA:31,2
DA:35,2
LF:15
LH:15
BRF:0
BRH:0
end_of_record
TN:
SF:src\models\MakerBrand.ts
FN:18,(anonymous_2)
FNF:1
FNH:0
FNDA:0,(anonymous_2)
DA:1,2
DA:2,2
DA:5,2
DA:7,2
DA:10,2
DA:13,2
DA:16,2
DA:18,2
LF:8
LH:8
BRF:0
BRH:0
end_of_record
TN:
SF:src\models\News.ts
FN:37,(anonymous_2)
FNF:1
FNH:0
FNDA:0,(anonymous_2)
DA:1,2
DA:2,2
DA:5,2
DA:7,2
DA:8,2
DA:9,2
DA:10,2
DA:11,2
DA:13,2
DA:16,2
DA:19,2
DA:20,2
DA:22,2
DA:25,2
DA:27,2
DA:30,2
DA:33,2
DA:37,2
LF:18
LH:18
BRF:0
BRH:0
end_of_record
TN:
SF:src\models\NewsComment.ts
FN:21,(anonymous_2)
FN:24,(anonymous_3)
FN:27,(anonymous_4)
FNF:3
FNH:0
FNDA:0,(anonymous_2)
FNDA:0,(anonymous_3)
FNDA:0,(anonymous_4)
DA:1,2
DA:2,2
DA:3,2
DA:6,2
DA:8,2
DA:9,2
DA:10,2
DA:11,2
DA:12,2
DA:13,2
DA:15,2
DA:18,2
DA:21,2
DA:24,2
DA:27,2
LF:15
LH:15
BRF:0
BRH:0
end_of_record
TN:
SF:src\models\NewsType.ts
FN:18,(anonymous_2)
FNF:1
FNH:0
FNDA:0,(anonymous_2)
DA:1,2
DA:2,2
DA:5,2
DA:7,2
DA:8,2
DA:9,2
DA:10,2
DA:11,2
DA:13,2
DA:16,2
DA:18,2
LF:11
LH:11
BRF:0
BRH:0
end_of_record
TN:
SF:src\models\Order.ts
FN:7,(anonymous_9)
FN:16,(anonymous_10)
FN:24,(anonymous_11)
FN:65,(anonymous_12)
FN:58,(anonymous_14)
FN:61,(anonymous_15)
FNF:6
FNH:3
FNDA:2,(anonymous_9)
FNDA:2,(anonymous_10)
FNDA:2,(anonymous_11)
FNDA:0,(anonymous_12)
FNDA:0,(anonymous_14)
FNDA:0,(anonymous_15)
DA:1,2
DA:2,2
DA:3,2
DA:4,2
DA:7,2
DA:8,2
DA:9,2
DA:10,2
DA:11,2
DA:12,2
DA:13,2
DA:16,2
DA:17,2
DA:18,2
DA:19,2
DA:20,2
DA:21,2
DA:24,2
DA:25,2
DA:26,2
DA:32,2
DA:34,2
DA:35,2
DA:36,2
DA:37,2
DA:38,2
DA:39,2
DA:40,2
DA:41,2
DA:42,2
DA:43,2
DA:44,2
DA:45,2
DA:46,2
DA:47,2
DA:48,2
DA:49,2
DA:50,2
DA:51,2
DA:52,2
DA:53,2
DA:54,2
DA:55,2
DA:56,2
DA:58,2
DA:61,2
DA:65,2
DA:66,0
LF:48
LH:47
BRDA:7,0,0,2
BRDA:7,0,1,2
BRDA:16,1,0,2
BRDA:16,1,1,2
BRDA:24,2,0,2
BRDA:24,2,1,2
BRF:6
BRH:6
end_of_record
TN:
SF:src\models\OrderItem.ts
FN:19,(anonymous_2)
FN:22,(anonymous_3)
FN:25,(anonymous_4)
FNF:3
FNH:0
FNDA:0,(anonymous_2)
FNDA:0,(anonymous_3)
FNDA:0,(anonymous_4)
DA:1,2
DA:2,2
DA:3,2
DA:4,2
DA:8,2
DA:10,2
DA:11,2
DA:12,2
DA:13,2
DA:14,2
DA:15,2
DA:16,2
DA:17,2
DA:19,2
DA:22,2
DA:25,2
LF:16
LH:16
BRF:0
BRH:0
end_of_record
TN:
SF:src\models\Payment.ts
FN:19,(anonymous_2)
FN:22,(anonymous_3)
FNF:2
FNH:0
FNDA:0,(anonymous_2)
FNDA:0,(anonymous_3)
DA:1,2
DA:2,2
DA:3,2
DA:6,2
DA:7,2
DA:8,2
DA:9,2
DA:10,2
DA:11,2
DA:12,2
DA:13,2
DA:14,2
DA:15,2
DA:16,2
DA:17,2
DA:19,2
DA:22,2
LF:17
LH:17
BRF:0
BRH:0
end_of_record
TN:
SF:src\models\Picture.ts
FN:12,(anonymous_2)
FN:12,(anonymous_3)
FNF:2
FNH:0
FNDA:0,(anonymous_2)
FNDA:0,(anonymous_3)
DA:1,2
DA:2,2
DA:3,2
DA:6,2
DA:8,2
DA:9,2
DA:10,2
DA:12,2
LF:8
LH:8
BRF:0
BRH:0
end_of_record
TN:
SF:src\models\PictureProduct.ts
FN:8,(anonymous_2)
FN:11,(anonymous_3)
FNF:2
FNH:0
FNDA:0,(anonymous_2)
FNDA:0,(anonymous_3)
DA:1,2
DA:2,2
DA:3,2
DA:6,2
DA:8,2
DA:11,2
DA:14,2
DA:15,2
LF:8
LH:8
BRF:0
BRH:0
end_of_record
TN:
SF:src\models\Product.ts
FN:118,(anonymous_9)
FN:122,(anonymous_11)
FN:93,(anonymous_12)
FN:96,(anonymous_13)
FN:99,(anonymous_14)
FN:103,(anonymous_15)
FN:103,(anonymous_16)
FN:106,(anonymous_17)
FN:106,(anonymous_18)
FN:109,(anonymous_19)
FN:109,(anonymous_20)
FN:112,(anonymous_21)
FN:112,(anonymous_22)
FNF:13
FNH:0
FNDA:0,(anonymous_9)
FNDA:0,(anonymous_11)
FNDA:0,(anonymous_12)
FNDA:0,(anonymous_13)
FNDA:0,(anonymous_14)
FNDA:0,(anonymous_15)
FNDA:0,(anonymous_16)
FNDA:0,(anonymous_17)
FNDA:0,(anonymous_18)
FNDA:0,(anonymous_19)
FNDA:0,(anonymous_20)
FNDA:0,(anonymous_21)
FNDA:0,(anonymous_22)
DA:1,2
DA:17,2
DA:18,2
DA:19,2
DA:20,2
DA:22,2
DA:23,2
DA:24,2
DA:25,2
DA:26,2
DA:27,2
DA:28,2
DA:29,2
DA:32,2
DA:33,2
DA:38,2
DA:39,2
DA:40,2
DA:41,2
DA:42,2
DA:43,2
DA:44,2
DA:45,2
DA:46,2
DA:47,2
DA:48,2
DA:49,2
DA:50,2
DA:51,2
DA:52,2
DA:53,2
DA:54,2
DA:55,2
DA:56,2
DA:57,2
DA:58,2
DA:59,2
DA:60,2
DA:61,2
DA:62,2
DA:63,2
DA:64,2
DA:65,2
DA:66,2
DA:67,2
DA:68,2
DA:69,2
DA:70,2
DA:71,2
DA:73,2
DA:77,2
DA:81,2
DA:85,2
DA:89,2
DA:90,2
DA:91,2
DA:93,2
DA:96,2
DA:99,2
DA:103,2
DA:106,2
DA:109,2
DA:112,2
DA:118,2
DA:119,0
DA:120,0
DA:123,0
DA:124,0
DA:126,0
LF:69
LH:64
BRDA:123,0,0,0
BRDA:123,0,1,0
BRF:2
BRH:0
end_of_record
TN:
SF:src\models\ProductAttributeOption.ts
FN:8,(anonymous_2)
FN:11,(anonymous_3)
FNF:2
FNH:0
FNDA:0,(anonymous_2)
FNDA:0,(anonymous_3)
DA:1,2
DA:2,2
DA:3,2
DA:6,2
DA:8,2
DA:11,2
DA:14,2
DA:15,2
DA:16,2
LF:9
LH:9
BRF:0
BRH:0
end_of_record
TN:
SF:src\models\ProductDiscount.ts
FN:7,(anonymous_2)
FN:11,(anonymous_3)
FNF:2
FNH:0
FNDA:0,(anonymous_2)
FNDA:0,(anonymous_3)
DA:1,2
DA:2,2
DA:3,2
DA:6,2
DA:7,2
DA:11,2
LF:6
LH:6
BRF:0
BRH:0
end_of_record
TN:
SF:src\models\ProductTag.ts
FN:8,(anonymous_2)
FN:11,(anonymous_3)
FNF:2
FNH:0
FNDA:0,(anonymous_2)
FNDA:0,(anonymous_3)
DA:1,2
DA:2,2
DA:3,2
DA:6,2
DA:8,2
DA:11,2
LF:6
LH:6
BRF:0
BRH:0
end_of_record
TN:
SF:src\models\Province.ts
FN:10,(anonymous_2)
FNF:1
FNH:0
FNDA:0,(anonymous_2)
DA:1,2
DA:2,2
DA:5,2
DA:7,2
DA:10,2
LF:5
LH:5
BRF:0
BRH:0
end_of_record
TN:
SF:src\models\QuantityUnit.ts
FNF:0
FNH:0
DA:1,2
DA:4,2
DA:6,2
DA:7,2
DA:8,2
LF:5
LH:5
BRF:0
BRH:0
end_of_record
TN:
SF:src\models\Role.ts
FN:13,(anonymous_2)
FNF:1
FNH:0
FNDA:0,(anonymous_2)
DA:1,2
DA:2,2
DA:5,2
DA:7,2
DA:10,2
DA:13,2
LF:6
LH:6
BRF:0
BRH:0
end_of_record
TN:
SF:src\models\SiteInfo.ts
FNF:0
FNH:0
DA:1,2
DA:4,2
DA:7,2
DA:8,2
DA:9,2
DA:10,2
DA:11,2
DA:12,2
DA:13,2
DA:14,2
DA:15,2
DA:16,2
DA:17,2
DA:18,2
DA:19,2
DA:20,2
DA:21,2
LF:17
LH:17
BRF:0
BRH:0
end_of_record
TN:
SF:src\models\Slider.ts
FNF:0
FNH:0
DA:1,2
DA:4,2
DA:6,2
DA:7,2
DA:8,2
DA:9,2
DA:10,2
DA:11,2
DA:12,2
DA:13,2
DA:14,2
LF:11
LH:11
BRF:0
BRH:0
end_of_record
TN:
SF:src\models\SpecificationAttribute.ts
FN:9,(anonymous_2)
FNF:1
FNH:0
FNDA:0,(anonymous_2)
DA:1,2
DA:2,2
DA:5,2
DA:6,2
DA:7,2
DA:9,2
LF:6
LH:6
BRF:0
BRH:0
end_of_record
TN:
SF:src\models\SpecificationAttributeOption.ts
FN:12,(anonymous_2)
FN:15,(anonymous_3)
FN:15,(anonymous_4)
FNF:3
FNH:0
FNDA:0,(anonymous_2)
FNDA:0,(anonymous_3)
FNDA:0,(anonymous_4)
DA:1,2
DA:2,2
DA:3,2
DA:4,2
DA:7,2
DA:8,2
DA:9,2
DA:10,2
DA:12,2
DA:15,2
LF:10
LH:10
BRF:0
BRH:0
end_of_record
TN:
SF:src\models\Tag.ts
FN:11,(anonymous_2)
FN:11,(anonymous_3)
FNF:2
FNH:0
FNDA:0,(anonymous_2)
FNDA:0,(anonymous_3)
DA:1,2
DA:2,2
DA:3,2
DA:6,2
DA:8,2
DA:11,2
LF:6
LH:6
BRF:0
BRH:0
end_of_record
TN:
SF:src\models\TaxCategory.ts
FNF:0
FNH:0
DA:1,2
DA:4,2
DA:6,2
DA:7,2
DA:8,2
LF:5
LH:5
BRF:0
BRH:0
end_of_record
TN:
SF:src\models\Ticket.ts
FNF:0
FNH:0
DA:1,2
DA:4,2
DA:7,2
DA:8,2
DA:9,2
DA:10,2
DA:11,2
DA:12,2
DA:13,2
DA:15,2
LF:10
LH:10
BRF:0
BRH:0
end_of_record
TN:
SF:src\models\User.ts
FN:56,(anonymous_10)
FN:64,(anonymous_12)
FN:74,(anonymous_14)
FN:84,(anonymous_16)
FN:88,(anonymous_18)
FN:78,(anonymous_20)
FN:81,(anonymous_21)
FNF:7
FNH:0
FNDA:0,(anonymous_10)
FNDA:0,(anonymous_12)
FNDA:0,(anonymous_14)
FNDA:0,(anonymous_16)
FNDA:0,(anonymous_18)
FNDA:0,(anonymous_20)
FNDA:0,(anonymous_21)
DA:1,2
DA:2,2
DA:3,2
DA:4,2
DA:5,2
DA:6,2
DA:9,2
DA:10,2
DA:14,2
DA:17,2
DA:20,2
DA:23,2
DA:26,2
DA:29,2
DA:32,2
DA:35,2
DA:38,2
DA:41,2
DA:43,2
DA:46,2
DA:48,2
DA:51,2
DA:56,2
DA:57,0
DA:58,0
DA:60,0
DA:64,2
DA:65,0
DA:66,0
DA:68,0
DA:69,0
DA:74,2
DA:75,0
DA:78,2
DA:81,2
DA:85,0
DA:89,0
LF:37
LH:27
BRDA:57,0,0,0
BRDA:65,1,0,0
BRDA:68,2,0,0
BRF:3
BRH:0
end_of_record
TN:
SF:src\models\index.ts
FNF:0
FNH:0
DA:1,2
DA:2,2
DA:3,2
DA:4,2
DA:5,2
DA:6,2
DA:7,2
DA:8,2
DA:9,2
DA:10,2
DA:11,2
DA:12,2
DA:13,2
DA:14,2
DA:15,2
DA:16,2
DA:17,2
DA:18,2
DA:19,2
DA:20,2
DA:21,2
DA:22,2
DA:23,2
DA:24,2
DA:25,2
DA:26,2
DA:27,2
DA:28,2
DA:29,2
DA:30,2
DA:31,2
DA:32,2
DA:33,2
DA:34,2
DA:35,2
DA:36,2
LF:36
LH:36
BRF:0
BRH:0
end_of_record
TN:
SF:src\routers\index.ts
FN:5,(anonymous_0)
FN:6,(anonymous_1)
FNF:2
FNH:2
FNDA:2,(anonymous_0)
FNDA:1,(anonymous_1)
DA:2,2
DA:3,2
DA:5,2
DA:6,2
DA:7,1
DA:10,2
DA:12,2
LF:7
LH:7
BRF:0
BRH:0
end_of_record
TN:
SF:src\routers\user.ts
FN:6,(anonymous_7)
FN:7,(anonymous_8)
FN:7,(anonymous_9)
FN:14,(anonymous_10)
FN:14,(anonymous_11)
FNF:5
FNH:1
FNDA:2,(anonymous_7)
FNDA:0,(anonymous_8)
FNDA:0,(anonymous_9)
FNDA:0,(anonymous_10)
FNDA:0,(anonymous_11)
DA:1,2
DA:2,2
DA:3,2
DA:4,2
DA:6,2
DA:7,0
DA:8,0
DA:9,0
DA:12,0
DA:14,0
DA:15,0
DA:16,0
DA:17,0
DA:18,0
DA:22,0
DA:25,0
DA:26,0
LF:17
LH:5
BRDA:17,0,0,0
BRF:1
BRH:0
end_of_record
